
*** Running vivado
    with args -log and_gate.vdi -applog -m64 -product Vivado -messageDb vivado.pb -mode batch -source and_gate.tcl -notrace



****** Vivado v2020.2 (64-bit)
  **** SW Build 3064766 on Wed Nov 18 09:12:45 MST 2020
  **** IP Build 3064653 on Wed Nov 18 14:17:31 MST 2020
    ** Copyright 1986-2020 Xilinx, Inc. All Rights Reserved.

source and_gate.tcl -notrace
Command: open_checkpoint D:/VerilogCode/and_gate/prj/and_gate.runs/impl_1/and_gate.dcp

Starting open_checkpoint Task

Time (s): cpu = 00:00:00 ; elapsed = 00:00:00.040 . Memory (MB): peak = 1139.543 ; gain = 0.000
INFO: [Device 21-403] Loading part xc7z010clg400-1
Netlist sorting complete. Time (s): cpu = 00:00:00 ; elapsed = 00:00:00 . Memory (MB): peak = 1139.543 ; gain = 0.000
INFO: [Project 1-479] Netlist was created with Vivado 2020.2
INFO: [Project 1-570] Preparing netlist for logic optimization
INFO: [Timing 38-478] Restoring timing data from binary archive.
INFO: [Timing 38-479] Binary timing data restore complete.
INFO: [Project 1-856] Restoring constraints from binary archive.
INFO: [Project 1-853] Binary constraint restore complete.
Reading XDEF placement.
Reading placer database...
Reading XDEF routing.
Read XDEF File: Time (s): cpu = 00:00:00 ; elapsed = 00:00:00.106 . Memory (MB): peak = 1471.133 ; gain = 0.000
Restored from archive | CPU: 0.000000 secs | Memory: 0.000000 MB |
Finished XDEF File Restore: Time (s): cpu = 00:00:00 ; elapsed = 00:00:00.106 . Memory (MB): peak = 1471.133 ; gain = 0.000
Netlist sorting complete. Time (s): cpu = 00:00:00 ; elapsed = 00:00:00 . Memory (MB): peak = 1471.133 ; gain = 0.000
INFO: [Project 1-111] Unisim Transformation Summary:
No Unisim elements were transformed.

INFO: [Project 1-604] Checkpoint was created with Vivado v2020.2 (64-bit) build 3064766
open_checkpoint: Time (s): cpu = 00:00:14 ; elapsed = 00:00:19 . Memory (MB): peak = 1471.133 ; gain = 331.590
Command: opt_design
Attempting to get a license for feature 'Implementation' and/or device 'xc7z010'
INFO: [Common 17-349] Got license for feature 'Implementation' and/or device 'xc7z010'
Running DRC as a precondition to command opt_design

Starting DRC Task
INFO: [DRC 23-27] Running DRC with 2 threads
INFO: [Project 1-461] DRC finished with 0 Errors
INFO: [Project 1-462] Please refer to the DRC report (report_drc) for more information.

Time (s): cpu = 00:00:01 ; elapsed = 00:00:00.607 . Memory (MB): peak = 1471.133 ; gain = 0.000

Starting Cache Timing Information Task
INFO: [Timing 38-35] Done setting XDC timing constraints.
Ending Cache Timing Information Task | Checksum: 2079ecd5f

Time (s): cpu = 00:00:00 ; elapsed = 00:00:00.034 . Memory (MB): peak = 1496.984 ; gain = 25.852

Starting Logic Optimization Task

Phase 1 Retarget
INFO: [Opt 31-138] Pushed 0 inverter(s) to 0 load pin(s).
INFO: [Opt 31-49] Retargeted 0 cell(s).
Phase 1 Retarget | Checksum: 2079ecd5f

Time (s): cpu = 00:00:00 ; elapsed = 00:00:00.021 . Memory (MB): peak = 1697.629 ; gain = 0.000
INFO: [Opt 31-389] Phase Retarget created 0 cells and removed 0 cells

Phase 2 Constant propagation
INFO: [Opt 31-138] Pushed 0 inverter(s) to 0 load pin(s).
Phase 2 Constant propagation | Checksum: 2079ecd5f

Time (s): cpu = 00:00:00 ; elapsed = 00:00:00.021 . Memory (MB): peak = 1697.629 ; gain = 0.000
INFO: [Opt 31-389] Phase Constant propagation created 0 cells and removed 0 cells

Phase 3 Sweep
Phase 3 Sweep | Checksum: 2079ecd5f

Time (s): cpu = 00:00:00 ; elapsed = 00:00:00.022 . Memory (MB): peak = 1697.629 ; gain = 0.000
INFO: [Opt 31-389] Phase Sweep created 0 cells and removed 0 cells

Phase 4 BUFG optimization
Phase 4 BUFG optimization | Checksum: 2079ecd5f

Time (s): cpu = 00:00:00 ; elapsed = 00:00:00.023 . Memory (MB): peak = 1697.629 ; gain = 0.000
INFO: [Opt 31-662] Phase BUFG optimization created 0 cells of which 0 are BUFGs and removed 0 cells.

Phase 5 Shift Register Optimization
INFO: [Opt 31-1064] SRL Remap converted 0 SRLs to 0 registers and converted 0 registers of register chains to 0 SRLs
Phase 5 Shift Register Optimization | Checksum: 2079ecd5f

Time (s): cpu = 00:00:00 ; elapsed = 00:00:00.023 . Memory (MB): peak = 1697.629 ; gain = 0.000
INFO: [Opt 31-389] Phase Shift Register Optimization created 0 cells and removed 0 cells

Phase 6 Post Processing Netlist
Phase 6 Post Processing Netlist | Checksum: 2079ecd5f

Time (s): cpu = 00:00:00 ; elapsed = 00:00:00.024 . Memory (MB): peak = 1697.629 ; gain = 0.000
INFO: [Opt 31-389] Phase Post Processing Netlist created 0 cells and removed 0 cells
Opt_design Change Summary
=========================


-------------------------------------------------------------------------------------------------------------------------
|  Phase                        |  #Cells created  |  #Cells Removed  |  #Constrained objects preventing optimizations  |
-------------------------------------------------------------------------------------------------------------------------
|  Retarget                     |               0  |               0  |                                              0  |
|  Constant propagation         |               0  |               0  |                                              0  |
|  Sweep                        |               0  |               0  |                                              0  |
|  BUFG optimization            |               0  |               0  |                                              0  |
|  Shift Register Optimization  |               0  |               0  |                                              0  |
|  Post Processing Netlist      |               0  |               0  |                                              0  |
-------------------------------------------------------------------------------------------------------------------------



Starting Connectivity Check Task

Time (s): cpu = 00:00:00 ; elapsed = 00:00:00 . Memory (MB): peak = 1697.629 ; gain = 0.000
Ending Logic Optimization Task | Checksum: 2079ecd5f

Time (s): cpu = 00:00:00 ; elapsed = 00:00:00.025 . Memory (MB): peak = 1697.629 ; gain = 0.000

Starting Power Optimization Task
INFO: [Pwropt 34-132] Skipping clock gating for clocks with a period < 2.00 ns.
Ending Power Optimization Task | Checksum: 2079ecd5f

Time (s): cpu = 00:00:00 ; elapsed = 00:00:00.006 . Memory (MB): peak = 1697.629 ; gain = 0.000

Starting Final Cleanup Task
Ending Final Cleanup Task | Checksum: 2079ecd5f

Time (s): cpu = 00:00:00 ; elapsed = 00:00:00 . Memory (MB): peak = 1697.629 ; gain = 0.000

Starting Netlist Obfuscation Task
Netlist sorting complete. Time (s): cpu = 00:00:00 ; elapsed = 00:00:00 . Memory (MB): peak = 1697.629 ; gain = 0.000
Ending Netlist Obfuscation Task | Checksum: 2079ecd5f

Time (s): cpu = 00:00:00 ; elapsed = 00:00:00 . Memory (MB): peak = 1697.629 ; gain = 0.000
INFO: [Common 17-83] Releasing license: Implementation
26 Infos, 0 Warnings, 0 Critical Warnings and 0 Errors encountered.
opt_design completed successfully
INFO: [Timing 38-480] Writing timing data to binary archive.
Writing placer database...
Writing XDEF routing.
Writing XDEF routing logical nets.
Writing XDEF routing special nets.
Write XDEF Complete: Time (s): cpu = 00:00:00 ; elapsed = 00:00:00.039 . Memory (MB): peak = 1697.629 ; gain = 0.000
INFO: [Common 17-1381] The checkpoint 'D:/VerilogCode/and_gate/prj/and_gate.runs/impl_1/and_gate_opt.dcp' has been generated.
INFO: [runtcl-4] Executing : report_drc -file and_gate_drc_opted.rpt -pb and_gate_drc_opted.pb -rpx and_gate_drc_opted.rpx
Command: report_drc -file and_gate_drc_opted.rpt -pb and_gate_drc_opted.pb -rpx and_gate_drc_opted.rpx
INFO: [IP_Flow 19-234] Refreshing IP repositories
INFO: [IP_Flow 19-1704] No user IP repositories specified
INFO: [IP_Flow 19-2313] Loaded Vivado IP repository 'C:/Xilinx/Vivado/2020.2/data/ip'.
INFO: [Timing 38-35] Done setting XDC timing constraints.
INFO: [DRC 23-27] Running DRC with 2 threads
INFO: [Coretcl 2-168] The results of DRC are in file D:/VerilogCode/and_gate/prj/and_gate.runs/impl_1/and_gate_drc_opted.rpt.
report_drc completed successfully
Command: place_design
Attempting to get a license for feature 'Implementation' and/or device 'xc7z010'
INFO: [Common 17-349] Got license for feature 'Implementation' and/or device 'xc7z010'
INFO: [DRC 23-27] Running DRC with 2 threads
INFO: [Vivado_Tcl 4-198] DRC finished with 0 Errors
INFO: [Vivado_Tcl 4-199] Please refer to the DRC report (report_drc) for more information.
Running DRC as a precondition to command place_design
INFO: [DRC 23-27] Running DRC with 2 threads
INFO: [Vivado_Tcl 4-198] DRC finished with 0 Errors
INFO: [Vivado_Tcl 4-199] Please refer to the DRC report (report_drc) for more information.

Starting Placer Task
INFO: [Place 30-611] Multithreading enabled for place_design using a maximum of 2 CPUs

Phase 1 Placer Initialization

Phase 1.1 Placer Initialization Netlist Sorting
Netlist sorting complete. Time (s): cpu = 00:00:00 ; elapsed = 00:00:00 . Memory (MB): peak = 1742.645 ; gain = 0.000
Phase 1.1 Placer Initialization Netlist Sorting | Checksum: 137f4c106

Time (s): cpu = 00:00:00 ; elapsed = 00:00:00.004 . Memory (MB): peak = 1742.645 ; gain = 0.000
Netlist sorting complete. Time (s): cpu = 00:00:00 ; elapsed = 00:00:00 . Memory (MB): peak = 1742.645 ; gain = 0.000

Phase 1.2 IO Placement/ Clock Placement/ Build Placer Device
Phase 1.2 IO Placement/ Clock Placement/ Build Placer Device | Checksum: 137f4c106

Time (s): cpu = 00:00:00 ; elapsed = 00:00:00.040 . Memory (MB): peak = 1742.645 ; gain = 0.000

Phase 1.3 Build Placer Netlist Model
Phase 1.3 Build Placer Netlist Model | Checksum: 182a1357a

Time (s): cpu = 00:00:00 ; elapsed = 00:00:00.044 . Memory (MB): peak = 1742.645 ; gain = 0.000

Phase 1.4 Constrain Clocks/Macros
Phase 1.4 Constrain Clocks/Macros | Checksum: 182a1357a

Time (s): cpu = 00:00:00 ; elapsed = 00:00:00.045 . Memory (MB): peak = 1742.645 ; gain = 0.000
Phase 1 Placer Initialization | Checksum: 182a1357a

Time (s): cpu = 00:00:00 ; elapsed = 00:00:00.047 . Memory (MB): peak = 1742.645 ; gain = 0.000

Phase 2 Global Placement

Phase 2.1 Floorplanning
Phase 2.1 Floorplanning | Checksum: 182a1357a

Time (s): cpu = 00:00:00 ; elapsed = 00:00:00.047 . Memory (MB): peak = 1742.645 ; gain = 0.000

Phase 2.2 Update Timing before SLR Path Opt
Phase 2.2 Update Timing before SLR Path Opt | Checksum: 182a1357a

Time (s): cpu = 00:00:00 ; elapsed = 00:00:00.048 . Memory (MB): peak = 1742.645 ; gain = 0.000

Phase 2.3 Global Placement Core
WARNING: [Place 46-29] place_design is not in timing mode. Skip physical synthesis in placer
Phase 2.3 Global Placement Core | Checksum: 1f5262a45

Time (s): cpu = 00:00:00 ; elapsed = 00:00:00.410 . Memory (MB): peak = 1742.645 ; gain = 0.000
Phase 2 Global Placement | Checksum: 1f5262a45

Time (s): cpu = 00:00:00 ; elapsed = 00:00:00.411 . Memory (MB): peak = 1742.645 ; gain = 0.000

Phase 3 Detail Placement

Phase 3.1 Commit Multi Column Macros
Phase 3.1 Commit Multi Column Macros | Checksum: 1f5262a45

Time (s): cpu = 00:00:00 ; elapsed = 00:00:00.412 . Memory (MB): peak = 1742.645 ; gain = 0.000

Phase 3.2 Commit Most Macros & LUTRAMs
Phase 3.2 Commit Most Macros & LUTRAMs | Checksum: 13d2408ad

Time (s): cpu = 00:00:00 ; elapsed = 00:00:00.414 . Memory (MB): peak = 1742.645 ; gain = 0.000

Phase 3.3 Area Swap Optimization
Phase 3.3 Area Swap Optimization | Checksum: 1f5262a45

Time (s): cpu = 00:00:00 ; elapsed = 00:00:00.421 . Memory (MB): peak = 1742.645 ; gain = 0.000

Phase 3.4 Pipeline Register Optimization
Phase 3.4 Pipeline Register Optimization | Checksum: 1f5262a45

Time (s): cpu = 00:00:00 ; elapsed = 00:00:00.421 . Memory (MB): peak = 1742.645 ; gain = 0.000

Phase 3.5 Small Shape Detail Placement
Phase 3.5 Small Shape Detail Placement | Checksum: 1f43ea731

Time (s): cpu = 00:00:00 ; elapsed = 00:00:00.624 . Memory (MB): peak = 1742.645 ; gain = 0.000

Phase 3.6 Re-assign LUT pins
Phase 3.6 Re-assign LUT pins | Checksum: 1f43ea731

Time (s): cpu = 00:00:00 ; elapsed = 00:00:00.625 . Memory (MB): peak = 1742.645 ; gain = 0.000

Phase 3.7 Pipeline Register Optimization
Phase 3.7 Pipeline Register Optimization | Checksum: 1f43ea731

Time (s): cpu = 00:00:00 ; elapsed = 00:00:00.626 . Memory (MB): peak = 1742.645 ; gain = 0.000
Phase 3 Detail Placement | Checksum: 1f43ea731

Time (s): cpu = 00:00:00 ; elapsed = 00:00:00.626 . Memory (MB): peak = 1742.645 ; gain = 0.000

Phase 4 Post Placement Optimization and Clean-Up

Phase 4.1 Post Commit Optimization
Phase 4.1 Post Commit Optimization | Checksum: 1f43ea731

Time (s): cpu = 00:00:00 ; elapsed = 00:00:00.628 . Memory (MB): peak = 1742.645 ; gain = 0.000

Phase 4.2 Post Placement Cleanup
Phase 4.2 Post Placement Cleanup | Checksum: 1f43ea731

Time (s): cpu = 00:00:00 ; elapsed = 00:00:00.630 . Memory (MB): peak = 1742.645 ; gain = 0.000

Phase 4.3 Placer Reporting

Phase 4.3.1 Print Estimated Congestion
INFO: [Place 30-612] Post-Placement Estimated Congestion 
 ____________________________________________________
|           | Global Congestion | Short Congestion  |
| Direction | Region Size       | Region Size       |
|___________|___________________|___________________|
|      North|                1x1|                1x1|
|___________|___________________|___________________|
|      South|                1x1|                1x1|
|___________|___________________|___________________|
|       East|                1x1|                1x1|
|___________|___________________|___________________|
|       West|                1x1|                1x1|
|___________|___________________|___________________|

Phase 4.3.1 Print Estimated Congestion | Checksum: 1f43ea731

Time (s): cpu = 00:00:00 ; elapsed = 00:00:00.630 . Memory (MB): peak = 1742.645 ; gain = 0.000
Phase 4.3 Placer Reporting | Checksum: 1f43ea731

Time (s): cpu = 00:00:00 ; elapsed = 00:00:00.631 . Memory (MB): peak = 1742.645 ; gain = 0.000

Phase 4.4 Final Placement Cleanup
Netlist sorting complete. Time (s): cpu = 00:00:00 ; elapsed = 00:00:00 . Memory (MB): peak = 1742.645 ; gain = 0.000

Time (s): cpu = 00:00:00 ; elapsed = 00:00:00.631 . Memory (MB): peak = 1742.645 ; gain = 0.000
Phase 4 Post Placement Optimization and Clean-Up | Checksum: 1f43ea731

Time (s): cpu = 00:00:00 ; elapsed = 00:00:00.631 . Memory (MB): peak = 1742.645 ; gain = 0.000
Ending Placer Task | Checksum: 10d22f56d

Time (s): cpu = 00:00:00 ; elapsed = 00:00:00.632 . Memory (MB): peak = 1742.645 ; gain = 0.000
INFO: [Common 17-83] Releasing license: Implementation
45 Infos, 1 Warnings, 0 Critical Warnings and 0 Errors encountered.
place_design completed successfully
INFO: [Timing 38-480] Writing timing data to binary archive.
Writing placer database...
Writing XDEF routing.
Writing XDEF routing logical nets.
Writing XDEF routing special nets.
Write XDEF Complete: Time (s): cpu = 00:00:00 ; elapsed = 00:00:00.040 . Memory (MB): peak = 1742.645 ; gain = 0.000
INFO: [Common 17-1381] The checkpoint 'D:/VerilogCode/and_gate/prj/and_gate.runs/impl_1/and_gate_placed.dcp' has been generated.
INFO: [runtcl-4] Executing : report_io -file and_gate_io_placed.rpt
report_io: Time (s): cpu = 00:00:00 ; elapsed = 00:00:00.035 . Memory (MB): peak = 1742.645 ; gain = 0.000
INFO: [runtcl-4] Executing : report_utilization -file and_gate_utilization_placed.rpt -pb and_gate_utilization_placed.pb
INFO: [runtcl-4] Executing : report_control_sets -verbose -file and_gate_control_sets_placed.rpt
report_control_sets: Time (s): cpu = 00:00:00 ; elapsed = 00:00:00.001 . Memory (MB): peak = 1742.645 ; gain = 0.000
Command: phys_opt_design
Attempting to get a license for feature 'Implementation' and/or device 'xc7z010'
INFO: [Common 17-349] Got license for feature 'Implementation' and/or device 'xc7z010'
INFO: [Vivado_Tcl 4-235] No timing constraint found. The netlist was not modified.
INFO: [Common 17-83] Releasing license: Implementation
53 Infos, 1 Warnings, 0 Critical Warnings and 0 Errors encountered.
phys_opt_design completed successfully
INFO: [Timing 38-480] Writing timing data to binary archive.
Writing placer database...
Writing XDEF routing.
Writing XDEF routing logical nets.
Writing XDEF routing special nets.
Write XDEF Complete: Time (s): cpu = 00:00:00 ; elapsed = 00:00:00.039 . Memory (MB): peak = 1742.645 ; gain = 0.000
INFO: [Common 17-1381] The checkpoint 'D:/VerilogCode/and_gate/prj/and_gate.runs/impl_1/and_gate_physopt.dcp' has been generated.
Command: route_design
Attempting to get a license for feature 'Implementation' and/or device 'xc7z010'
INFO: [Common 17-349] Got license for feature 'Implementation' and/or device 'xc7z010'
Running DRC as a precondition to command route_design
INFO: [DRC 23-27] Running DRC with 2 threads
INFO: [Vivado_Tcl 4-198] DRC finished with 0 Errors
INFO: [Vivado_Tcl 4-199] Please refer to the DRC report (report_drc) for more information.


Starting Routing Task
INFO: [Route 35-254] Multithreading enabled for route_design using a maximum of 2 CPUs
Checksum: PlaceDB: cd5f7371 ConstDB: 0 ShapeSum: 3fc381fc RouteDB: 0

Phase 1 Build RT Design
Phase 1 Build RT Design | Checksum: 130356d7b

Time (s): cpu = 00:00:10 ; elapsed = 00:00:11 . Memory (MB): peak = 1786.664 ; gain = 39.285
Post Restoration Checksum: NetGraph: 6f19e6b2 NumContArr: c11b86c9 Constraints: 0 Timing: 0

Phase 2 Router Initialization
INFO: [Route 35-64] No timing constraints were detected. The router will operate in resource-optimization mode.

Phase 2.1 Fix Topology Constraints
Phase 2.1 Fix Topology Constraints | Checksum: 130356d7b

Time (s): cpu = 00:00:10 ; elapsed = 00:00:11 . Memory (MB): peak = 1792.691 ; gain = 45.312

Phase 2.2 Pre Route Cleanup
Phase 2.2 Pre Route Cleanup | Checksum: 130356d7b

Time (s): cpu = 00:00:10 ; elapsed = 00:00:11 . Memory (MB): peak = 1792.691 ; gain = 45.312
Phase 2 Router Initialization | Checksum: 130356d7b

Time (s): cpu = 00:00:10 ; elapsed = 00:00:11 . Memory (MB): peak = 1794.211 ; gain = 46.832

Router Utilization Summary
  Global Vertical Routing Utilization    = 0 %
  Global Horizontal Routing Utilization  = 0 %
  Routable Net Status*
  *Does not include unroutable nets such as driverless and loadless.
  Run report_route_status for detailed report.
  Number of Failed Nets               = 3
    (Failed Nets is the sum of unrouted and partially routed nets)
  Number of Unrouted Nets             = 3
  Number of Partially Routed Nets     = 0
  Number of Node Overlaps             = 0


Phase 3 Initial Routing

Phase 3.1 Global Routing
Phase 3.1 Global Routing | Checksum: 130356d7b

Time (s): cpu = 00:00:10 ; elapsed = 00:00:11 . Memory (MB): peak = 1794.637 ; gain = 47.258
 Number of Nodes with overlaps = 0
Phase 3 Initial Routing | Checksum: 15df86650

Time (s): cpu = 00:00:10 ; elapsed = 00:00:11 . Memory (MB): peak = 1794.637 ; gain = 47.258

Phase 4 Rip-up And Reroute

Phase 4.1 Global Iteration 0
Phase 4.1 Global Iteration 0 | Checksum: 15df86650

Time (s): cpu = 00:00:10 ; elapsed = 00:00:11 . Memory (MB): peak = 1794.637 ; gain = 47.258
Phase 4 Rip-up And Reroute | Checksum: 15df86650

Time (s): cpu = 00:00:10 ; elapsed = 00:00:11 . Memory (MB): peak = 1794.637 ; gain = 47.258

Phase 5 Delay and Skew Optimization
Phase 5 Delay and Skew Optimization | Checksum: 15df86650

Time (s): cpu = 00:00:10 ; elapsed = 00:00:11 . Memory (MB): peak = 1794.637 ; gain = 47.258

Phase 6 Post Hold Fix

Phase 6.1 Hold Fix Iter
Phase 6.1 Hold Fix Iter | Checksum: 15df86650

Time (s): cpu = 00:00:10 ; elapsed = 00:00:11 . Memory (MB): peak = 1794.637 ; gain = 47.258
Phase 6 Post Hold Fix | Checksum: 15df86650

Time (s): cpu = 00:00:10 ; elapsed = 00:00:11 . Memory (MB): peak = 1794.637 ; gain = 47.258

Phase 7 Route finalize

Router Utilization Summary
  Global Vertical Routing Utilization    = 0.00168919 %
  Global Horizontal Routing Utilization  = 0.00160846 %
  Routable Net Status*
  *Does not include unroutable nets such as driverless and loadless.
  Run report_route_status for detailed report.
  Number of Failed Nets               = 0
    (Failed Nets is the sum of unrouted and partially routed nets)
  Number of Unrouted Nets             = 0
  Number of Partially Routed Nets     = 0
  Number of Node Overlaps             = 0

Congestion Report
North Dir 1x1 Area, Max Cong = 0.900901%, No Congested Regions.
South Dir 1x1 Area, Max Cong = 5.40541%, No Congested Regions.
East Dir 1x1 Area, Max Cong = 2.94118%, No Congested Regions.
West Dir 1x1 Area, Max Cong = 2.94118%, No Congested Regions.

------------------------------
Reporting congestion hotspots
------------------------------
Direction: North
----------------
Congested clusters found at Level 0
Effective congestion level: 0 Aspect Ratio: 1 Sparse Ratio: 0
Direction: South
----------------
Congested clusters found at Level 0
Effective congestion level: 0 Aspect Ratio: 1 Sparse Ratio: 0
Direction: East
----------------
Congested clusters found at Level 0
Effective congestion level: 0 Aspect Ratio: 1 Sparse Ratio: 0
Direction: West
----------------
Congested clusters found at Level 0
Effective congestion level: 0 Aspect Ratio: 1 Sparse Ratio: 0

Phase 7 Route finalize | Checksum: 15df86650

Time (s): cpu = 00:00:10 ; elapsed = 00:00:11 . Memory (MB): peak = 1794.637 ; gain = 47.258

Phase 8 Verifying routed nets

 Verification completed successfully
Phase 8 Verifying routed nets | Checksum: 15df86650

Time (s): cpu = 00:00:10 ; elapsed = 00:00:11 . Memory (MB): peak = 1795.680 ; gain = 48.301

Phase 9 Depositing Routes
Phase 9 Depositing Routes | Checksum: e34c1ce0

Time (s): cpu = 00:00:10 ; elapsed = 00:00:11 . Memory (MB): peak = 1795.680 ; gain = 48.301
INFO: [Route 35-16] Router Completed Successfully

Time (s): cpu = 00:00:10 ; elapsed = 00:00:11 . Memory (MB): peak = 1795.680 ; gain = 48.301

Routing Is Done.
INFO: [Common 17-83] Releasing license: Implementation
63 Infos, 1 Warnings, 0 Critical Warnings and 0 Errors encountered.
route_design completed successfully
route_design: Time (s): cpu = 00:00:10 ; elapsed = 00:00:11 . Memory (MB): peak = 1795.680 ; gain = 53.035
INFO: [Timing 38-480] Writing timing data to binary archive.
Writing placer database...
Writing XDEF routing.
Writing XDEF routing logical nets.
Writing XDEF routing special nets.
Write XDEF Complete: Time (s): cpu = 00:00:00 ; elapsed = 00:00:00.042 . Memory (MB): peak = 1805.504 ; gain = 9.824
INFO: [Common 17-1381] The checkpoint 'D:/VerilogCode/and_gate/prj/and_gate.runs/impl_1/and_gate_routed.dcp' has been generated.
INFO: [runtcl-4] Executing : report_drc -file and_gate_drc_routed.rpt -pb and_gate_drc_routed.pb -rpx and_gate_drc_routed.rpx
Command: report_drc -file and_gate_drc_routed.rpt -pb and_gate_drc_routed.pb -rpx and_gate_drc_routed.rpx
INFO: [IP_Flow 19-1839] IP Catalog is up to date.
INFO: [DRC 23-27] Running DRC with 2 threads
INFO: [Coretcl 2-168] The results of DRC are in file D:/VerilogCode/and_gate/prj/and_gate.runs/impl_1/and_gate_drc_routed.rpt.
report_drc completed successfully
INFO: [runtcl-4] Executing : report_methodology -file and_gate_methodology_drc_routed.rpt -pb and_gate_methodology_drc_routed.pb -rpx and_gate_methodology_drc_routed.rpx
Command: report_methodology -file and_gate_methodology_drc_routed.rpt -pb and_gate_methodology_drc_routed.pb -rpx and_gate_methodology_drc_routed.rpx
INFO: [Timing 38-35] Done setting XDC timing constraints.
INFO: [DRC 23-133] Running Methodology with 2 threads
INFO: [Coretcl 2-1520] The results of Report Methodology are in file D:/VerilogCode/and_gate/prj/and_gate.runs/impl_1/and_gate_methodology_drc_routed.rpt.
report_methodology completed successfully
INFO: [runtcl-4] Executing : report_power -file and_gate_power_routed.rpt -pb and_gate_power_summary_routed.pb -rpx and_gate_power_routed.rpx
Command: report_power -file and_gate_power_routed.rpt -pb and_gate_power_summary_routed.pb -rpx and_gate_power_routed.rpx
INFO: [Timing 38-35] Done setting XDC timing constraints.
WARNING: [Power 33-232] No user defined clocks were found in the design! Power estimation will be inaccurate until this is corrected.
Resolution: Please specify clocks using create_clock/create_generated_clock for sequential elements. For pure combinatorial circuits, please specify a virtual clock, otherwise the vectorless estimation might be inaccurate
Running Vector-less Activity Propagation...

Finished Running Vector-less Activity Propagation
75 Infos, 2 Warnings, 0 Critical Warnings and 0 Errors encountered.
report_power completed successfully
INFO: [runtcl-4] Executing : report_route_status -file and_gate_route_status.rpt -pb and_gate_route_status.pb
INFO: [runtcl-4] Executing : report_timing_summary -max_paths 10 -file and_gate_timing_summary_routed.rpt -pb and_gate_timing_summary_routed.pb -rpx and_gate_timing_summary_routed.rpx -warn_on_violation 
INFO: [Timing 38-91] UpdateTimingParams: Speed grade: -1, Delay Type: min_max.
INFO: [Timing 38-191] Multithreading enabled for timing update using a maximum of 2 CPUs
WARNING: [Timing 38-313] There are no user specified timing constraints. Timing constraints are needed for proper timing analysis.
INFO: [runtcl-4] Executing : report_incremental_reuse -file and_gate_incremental_reuse_routed.rpt
INFO: [Vivado_Tcl 4-1062] Incremental flow is disabled. No incremental reuse Info to report.
INFO: [runtcl-4] Executing : report_clock_utilization -file and_gate_clock_utilization_routed.rpt
INFO: [runtcl-4] Executing : report_bus_skew -warn_on_violation -file and_gate_bus_skew_routed.rpt -pb and_gate_bus_skew_routed.pb -rpx and_gate_bus_skew_routed.rpx
INFO: [Timing 38-91] UpdateTimingParams: Speed grade: -1, Delay Type: min_max.
INFO: [Timing 38-191] Multithreading enabled for timing update using a maximum of 2 CPUs
INFO: [Common 17-206] Exiting Vivado at Tue Mar 12 19:43:26 2024...

*** Running vivado
    with args -log and_gate.vdi -applog -m64 -product Vivado -messageDb vivado.pb -mode batch -source and_gate.tcl -notrace



****** Vivado v2020.2 (64-bit)
  **** SW Build 3064766 on Wed Nov 18 09:12:45 MST 2020
  **** IP Build 3064653 on Wed Nov 18 14:17:31 MST 2020
    ** Copyright 1986-2020 Xilinx, Inc. All Rights Reserved.

source and_gate.tcl -notrace
Command: open_checkpoint and_gate_routed.dcp

Starting open_checkpoint Task

Time (s): cpu = 00:00:00 ; elapsed = 00:00:00.038 . Memory (MB): peak = 1141.191 ; gain = 0.000
INFO: [Device 21-403] Loading part xc7z010clg400-1
Netlist sorting complete. Time (s): cpu = 00:00:00 ; elapsed = 00:00:00.001 . Memory (MB): peak = 1141.191 ; gain = 0.000
INFO: [Project 1-479] Netlist was created with Vivado 2020.2
INFO: [Project 1-570] Preparing netlist for logic optimization
INFO: [Timing 38-478] Restoring timing data from binary archive.
INFO: [Timing 38-479] Binary timing data restore complete.
INFO: [Project 1-856] Restoring constraints from binary archive.
INFO: [Project 1-853] Binary constraint restore complete.
Reading XDEF placement.
Reading placer database...
Reading XDEF routing.
Read XDEF File: Time (s): cpu = 00:00:00 ; elapsed = 00:00:00.103 . Memory (MB): peak = 1487.758 ; gain = 15.520
Restored from archive | CPU: 0.000000 secs | Memory: 0.000000 MB |
Finished XDEF File Restore: Time (s): cpu = 00:00:00 ; elapsed = 00:00:00.104 . Memory (MB): peak = 1487.758 ; gain = 15.520
Netlist sorting complete. Time (s): cpu = 00:00:00 ; elapsed = 00:00:00 . Memory (MB): peak = 1487.758 ; gain = 0.000
INFO: [Project 1-111] Unisim Transformation Summary:
No Unisim elements were transformed.

INFO: [Project 1-604] Checkpoint was created with Vivado v2020.2 (64-bit) build 3064766
open_checkpoint: Time (s): cpu = 00:00:14 ; elapsed = 00:00:19 . Memory (MB): peak = 1487.758 ; gain = 346.566
Command: write_bitstream -force and_gate.bit
Attempting to get a license for feature 'Implementation' and/or device 'xc7z010'
INFO: [Common 17-349] Got license for feature 'Implementation' and/or device 'xc7z010'
Running DRC as a precondition to command write_bitstream
INFO: [IP_Flow 19-234] Refreshing IP repositories
INFO: [IP_Flow 19-1704] No user IP repositories specified
INFO: [IP_Flow 19-2313] Loaded Vivado IP repository 'C:/Xilinx/Vivado/2020.2/data/ip'.
INFO: [DRC 23-27] Running DRC with 2 threads
WARNING: [DRC ZPS7-1] PS7 block required: The PS7 cell must be used in this Zynq design in order to enable correct default configuration.
INFO: [Vivado 12-3199] DRC finished with 0 Errors, 1 Warnings
INFO: [Vivado 12-3200] Please refer to the DRC report (report_drc) for more information.
INFO: [Designutils 20-2272] Running write_bitstream with 2 threads.
Loading data files...
Loading site data...
Loading route data...
Processing options...
Creating bitmap...
Creating bitstream...
Writing bitstream ./and_gate.bit...
INFO: [Vivado 12-1842] Bitgen Completed Successfully.
INFO: [Project 1-120] WebTalk data collection is mandatory when using a WebPACK part without a full Vivado license. To see the specific WebTalk data collected for your design, open the usage_statistics_webtalk.html or usage_statistics_webtalk.xml file in the implementation directory.
INFO: [Common 17-83] Releasing license: Implementation
20 Infos, 1 Warnings, 0 Critical Warnings and 0 Errors encountered.
write_bitstream completed successfully
write_bitstream: Time (s): cpu = 00:00:08 ; elapsed = 00:00:12 . Memory (MB): peak = 1959.789 ; gain = 472.031
INFO: [Common 17-206] Exiting Vivado at Tue Mar 12 19:44:28 2024...
