Copyright 1986-2020 Xilinx, Inc. All Rights Reserved.
-----------------------------------------------------------------------------------------------------------------------------------------------------------------------------------------------------------
| Tool Version : Vivado v.2020.2 (win64) Build 3064766 Wed Nov 18 09:12:45 MST 2020
| Date         : Sat Apr  6 16:09:46 2024
| Host         : DESKTOP-SO1BPCJ running 64-bit major release  (build 9200)
| Command      : report_timing_summary -max_paths 10 -file top_key_beep_timing_summary_routed.rpt -pb top_key_beep_timing_summary_routed.pb -rpx top_key_beep_timing_summary_routed.rpx -warn_on_violation
| Design       : top_key_beep
| Device       : 7z010-clg400
| Speed File   : -1  PRODUCTION 1.12 2019-11-22
-----------------------------------------------------------------------------------------------------------------------------------------------------------------------------------------------------------

Timing Summary Report

------------------------------------------------------------------------------------------------
| Timer Settings
| --------------
------------------------------------------------------------------------------------------------

  Enable Multi Corner Analysis               :  Yes
  Enable Pessimism Removal                   :  Yes
  Pessimism Removal Resolution               :  Nearest Common Node
  Enable Input Delay Default Clock           :  No
  Enable Preset / Clear Arcs                 :  No
  Disable Flight Delays                      :  No
  Ignore I/O Paths                           :  No
  Timing Early Launch at Borrowing Latches   :  No
  Borrow Time for Max Delay Exceptions       :  Yes
  Merge Timing Exceptions                    :  Yes

  Corner  Analyze    Analyze    
  Name    Max Paths  Min Paths  
  ------  ---------  ---------  
  Slow    Yes        Yes        
  Fast    Yes        Yes        



check_timing report

Table of Contents
-----------------
1. checking no_clock (0)
2. checking constant_clock (0)
3. checking pulse_width_clock (0)
4. checking unconstrained_internal_endpoints (0)
5. checking no_input_delay (2)
6. checking no_output_delay (1)
7. checking multiple_clock (0)
8. checking generated_clocks (0)
9. checking loops (0)
10. checking partial_input_delay (0)
11. checking partial_output_delay (0)
12. checking latch_loops (0)

1. checking no_clock (0)
------------------------
 There are 0 register/latch pins with no clock.


2. checking constant_clock (0)
------------------------------
 There are 0 register/latch pins with constant_clock.


3. checking pulse_width_clock (0)
---------------------------------
 There are 0 register/latch pins which need pulse_width check


4. checking unconstrained_internal_endpoints (0)
------------------------------------------------
 There are 0 pins that are not constrained for maximum delay.

 There are 0 pins that are not constrained for maximum delay due to constant clock.


5. checking no_input_delay (2)
------------------------------
 There are 2 input ports with no input delay specified. (HIGH)

 There are 0 input ports with no input delay but user has a false path constraint.


6. checking no_output_delay (1)
-------------------------------
 There is 1 port with no output delay specified. (HIGH)

 There are 0 ports with no output delay but user has a false path constraint

 There are 0 ports with no output delay but with a timing clock defined on it or propagating through it


7. checking multiple_clock (0)
------------------------------
 There are 0 register/latch pins with multiple clocks.


8. checking generated_clocks (0)
--------------------------------
 There are 0 generated clocks that are not connected to a clock source.


9. checking loops (0)
---------------------
 There are 0 combinational loops in the design.


10. checking partial_input_delay (0)
------------------------------------
 There are 0 input ports with partial input delay specified.


11. checking partial_output_delay (0)
-------------------------------------
 There are 0 ports with partial output delay specified.


12. checking latch_loops (0)
----------------------------
 There are 0 combinational latch loops in the design through latch input



------------------------------------------------------------------------------------------------
| Design Timing Summary
| ---------------------
------------------------------------------------------------------------------------------------

    WNS(ns)      TNS(ns)  TNS Failing Endpoints  TNS Total Endpoints      WHS(ns)      THS(ns)  THS Failing Endpoints  THS Total Endpoints     WPWS(ns)     TPWS(ns)  TPWS Failing Endpoints  TPWS Total Endpoints  
    -------      -------  ---------------------  -------------------      -------      -------  ---------------------  -------------------     --------     --------  ----------------------  --------------------  
     16.286        0.000                      0                   24        0.185        0.000                      0                   24        9.500        0.000                       0                    26  


All user specified timing constraints are met.


------------------------------------------------------------------------------------------------
| Clock Summary
| -------------
------------------------------------------------------------------------------------------------

Clock    Waveform(ns)       Period(ns)      Frequency(MHz)
-----    ------------       ----------      --------------
sys_clk  {0.000 10.000}     20.000          50.000          


------------------------------------------------------------------------------------------------
| Intra Clock Table
| -----------------
------------------------------------------------------------------------------------------------

Clock             WNS(ns)      TNS(ns)  TNS Failing Endpoints  TNS Total Endpoints      WHS(ns)      THS(ns)  THS Failing Endpoints  THS Total Endpoints     WPWS(ns)     TPWS(ns)  TPWS Failing Endpoints  TPWS Total Endpoints  
-----             -------      -------  ---------------------  -------------------      -------      -------  ---------------------  -------------------     --------     --------  ----------------------  --------------------  
sys_clk            16.286        0.000                      0                   24        0.185        0.000                      0                   24        9.500        0.000                       0                    26  


------------------------------------------------------------------------------------------------
| Inter Clock Table
| -----------------
------------------------------------------------------------------------------------------------

From Clock    To Clock          WNS(ns)      TNS(ns)  TNS Failing Endpoints  TNS Total Endpoints      WHS(ns)      THS(ns)  THS Failing Endpoints  THS Total Endpoints  
----------    --------          -------      -------  ---------------------  -------------------      -------      -------  ---------------------  -------------------  


------------------------------------------------------------------------------------------------
| Other Path Groups Table
| -----------------------
------------------------------------------------------------------------------------------------

Path Group    From Clock    To Clock          WNS(ns)      TNS(ns)  TNS Failing Endpoints  TNS Total Endpoints      WHS(ns)      THS(ns)  THS Failing Endpoints  THS Total Endpoints  
----------    ----------    --------          -------      -------  ---------------------  -------------------      -------      -------  ---------------------  -------------------  


------------------------------------------------------------------------------------------------
| Timing Details
| --------------
------------------------------------------------------------------------------------------------


---------------------------------------------------------------------------------------------------
From Clock:  sys_clk
  To Clock:  sys_clk

Setup :            0  Failing Endpoints,  Worst Slack       16.286ns,  Total Violation        0.000ns
Hold  :            0  Failing Endpoints,  Worst Slack        0.185ns,  Total Violation        0.000ns
PW    :            0  Failing Endpoints,  Worst Slack        9.500ns,  Total Violation        0.000ns
---------------------------------------------------------------------------------------------------


Max Delay Paths
--------------------------------------------------------------------------------------
Slack (MET) :             16.286ns  (required time - arrival time)
  Source:                 key_debounce_inst/cnt_reg[9]/C
                            (rising edge-triggered cell FDCE clocked by sys_clk  {rise@0.000ns fall@10.000ns period=20.000ns})
  Destination:            key_debounce_inst/cnt_reg[17]/D
                            (rising edge-triggered cell FDCE clocked by sys_clk  {rise@0.000ns fall@10.000ns period=20.000ns})
  Path Group:             sys_clk
  Path Type:              Setup (Max at Slow Process Corner)
  Requirement:            20.000ns  (sys_clk rise@20.000ns - sys_clk rise@0.000ns)
  Data Path Delay:        3.771ns  (logic 1.966ns (52.131%)  route 1.805ns (47.869%))
  Logic Levels:           5  (CARRY4=3 LUT1=1 LUT4=1)
  Clock Path Skew:        -0.025ns (DCD - SCD + CPR)
    Destination Clock Delay (DCD):    4.996ns = ( 24.996 - 20.000 ) 
    Source Clock Delay      (SCD):    5.450ns
    Clock Pessimism Removal (CPR):    0.429ns
  Clock Uncertainty:      0.035ns  ((TSJ^2 + TIJ^2)^1/2 + DJ) / 2 + PE
    Total System Jitter     (TSJ):    0.071ns
    Total Input Jitter      (TIJ):    0.000ns
    Discrete Jitter          (DJ):    0.000ns
    Phase Error              (PE):    0.000ns

    Location             Delay type                Incr(ns)  Path(ns)    Netlist Resource(s)
  -------------------------------------------------------------------    -------------------
                         (clock sys_clk rise edge)    0.000     0.000 r  
    U18                                               0.000     0.000 r  sys_clk (IN)
                         net (fo=0)                   0.000     0.000    sys_clk
    U18                  IBUF (Prop_ibuf_I_O)         1.530     1.530 r  sys_clk_IBUF_inst/O
                         net (fo=1, routed)           2.076     3.606    sys_clk_IBUF
    BUFGCTRL_X0Y0        BUFG (Prop_bufg_I_O)         0.101     3.707 r  sys_clk_IBUF_BUFG_inst/O
                         net (fo=25, routed)          1.743     5.450    key_debounce_inst/CLK
    SLICE_X42Y54         FDCE                                         r  key_debounce_inst/cnt_reg[9]/C
  -------------------------------------------------------------------    -------------------
    SLICE_X42Y54         FDCE (Prop_fdce_C_Q)         0.478     5.928 f  key_debounce_inst/cnt_reg[9]/Q
                         net (fo=4, routed)           0.990     6.918    key_debounce_inst/cnt[9]
    SLICE_X40Y53         LUT1 (Prop_lut1_I0_O)        0.295     7.213 r  key_debounce_inst/cnt0_carry__1_i_4/O
                         net (fo=1, routed)           0.000     7.213    key_debounce_inst/cnt0_carry__1_i_4_n_0
    SLICE_X40Y53         CARRY4 (Prop_carry4_S[0]_CO[3])
                                                      0.532     7.745 r  key_debounce_inst/cnt0_carry__1/CO[3]
                         net (fo=1, routed)           0.000     7.745    key_debounce_inst/cnt0_carry__1_n_0
    SLICE_X40Y54         CARRY4 (Prop_carry4_CI_CO[3])
                                                      0.114     7.859 r  key_debounce_inst/cnt0_carry__2/CO[3]
                         net (fo=1, routed)           0.000     7.859    key_debounce_inst/cnt0_carry__2_n_0
    SLICE_X40Y55         CARRY4 (Prop_carry4_CI_O[0])
                                                      0.222     8.081 r  key_debounce_inst/cnt0_carry__3/O[0]
                         net (fo=1, routed)           0.816     8.896    key_debounce_inst/cnt0[17]
    SLICE_X42Y55         LUT4 (Prop_lut4_I0_O)        0.325     9.221 r  key_debounce_inst/cnt[17]_i_1/O
                         net (fo=1, routed)           0.000     9.221    key_debounce_inst/p_0_in[17]
    SLICE_X42Y55         FDCE                                         r  key_debounce_inst/cnt_reg[17]/D
  -------------------------------------------------------------------    -------------------

                         (clock sys_clk rise edge)   20.000    20.000 r  
    U18                                               0.000    20.000 r  sys_clk (IN)
                         net (fo=0)                   0.000    20.000    sys_clk
    U18                  IBUF (Prop_ibuf_I_O)         1.459    21.459 r  sys_clk_IBUF_inst/O
                         net (fo=1, routed)           1.880    23.339    sys_clk_IBUF
    BUFGCTRL_X0Y0        BUFG (Prop_bufg_I_O)         0.091    23.430 r  sys_clk_IBUF_BUFG_inst/O
                         net (fo=25, routed)          1.566    24.996    key_debounce_inst/CLK
    SLICE_X42Y55         FDCE                                         r  key_debounce_inst/cnt_reg[17]/C
                         clock pessimism              0.429    25.425    
                         clock uncertainty           -0.035    25.390    
    SLICE_X42Y55         FDCE (Setup_fdce_C_D)        0.118    25.508    key_debounce_inst/cnt_reg[17]
  -------------------------------------------------------------------
                         required time                         25.508    
                         arrival time                          -9.221    
  -------------------------------------------------------------------
                         slack                                 16.286    

Slack (MET) :             16.296ns  (required time - arrival time)
  Source:                 key_debounce_inst/cnt_reg[9]/C
                            (rising edge-triggered cell FDCE clocked by sys_clk  {rise@0.000ns fall@10.000ns period=20.000ns})
  Destination:            key_debounce_inst/cnt_reg[13]/D
                            (rising edge-triggered cell FDCE clocked by sys_clk  {rise@0.000ns fall@10.000ns period=20.000ns})
  Path Group:             sys_clk
  Path Type:              Setup (Max at Slow Process Corner)
  Requirement:            20.000ns  (sys_clk rise@20.000ns - sys_clk rise@0.000ns)
  Data Path Delay:        3.673ns  (logic 1.826ns (49.712%)  route 1.847ns (50.288%))
  Logic Levels:           4  (CARRY4=2 LUT1=1 LUT2=1)
  Clock Path Skew:        -0.025ns (DCD - SCD + CPR)
    Destination Clock Delay (DCD):    4.996ns = ( 24.996 - 20.000 ) 
    Source Clock Delay      (SCD):    5.450ns
    Clock Pessimism Removal (CPR):    0.429ns
  Clock Uncertainty:      0.035ns  ((TSJ^2 + TIJ^2)^1/2 + DJ) / 2 + PE
    Total System Jitter     (TSJ):    0.071ns
    Total Input Jitter      (TIJ):    0.000ns
    Discrete Jitter          (DJ):    0.000ns
    Phase Error              (PE):    0.000ns

    Location             Delay type                Incr(ns)  Path(ns)    Netlist Resource(s)
  -------------------------------------------------------------------    -------------------
                         (clock sys_clk rise edge)    0.000     0.000 r  
    U18                                               0.000     0.000 r  sys_clk (IN)
                         net (fo=0)                   0.000     0.000    sys_clk
    U18                  IBUF (Prop_ibuf_I_O)         1.530     1.530 r  sys_clk_IBUF_inst/O
                         net (fo=1, routed)           2.076     3.606    sys_clk_IBUF
    BUFGCTRL_X0Y0        BUFG (Prop_bufg_I_O)         0.101     3.707 r  sys_clk_IBUF_BUFG_inst/O
                         net (fo=25, routed)          1.743     5.450    key_debounce_inst/CLK
    SLICE_X42Y54         FDCE                                         r  key_debounce_inst/cnt_reg[9]/C
  -------------------------------------------------------------------    -------------------
    SLICE_X42Y54         FDCE (Prop_fdce_C_Q)         0.478     5.928 f  key_debounce_inst/cnt_reg[9]/Q
                         net (fo=4, routed)           0.990     6.918    key_debounce_inst/cnt[9]
    SLICE_X40Y53         LUT1 (Prop_lut1_I0_O)        0.295     7.213 r  key_debounce_inst/cnt0_carry__1_i_4/O
                         net (fo=1, routed)           0.000     7.213    key_debounce_inst/cnt0_carry__1_i_4_n_0
    SLICE_X40Y53         CARRY4 (Prop_carry4_S[0]_CO[3])
                                                      0.532     7.745 r  key_debounce_inst/cnt0_carry__1/CO[3]
                         net (fo=1, routed)           0.000     7.745    key_debounce_inst/cnt0_carry__1_n_0
    SLICE_X40Y54         CARRY4 (Prop_carry4_CI_O[0])
                                                      0.222     7.967 r  key_debounce_inst/cnt0_carry__2/O[0]
                         net (fo=1, routed)           0.858     8.824    key_debounce_inst/cnt0[13]
    SLICE_X41Y54         LUT2 (Prop_lut2_I1_O)        0.299     9.123 r  key_debounce_inst/cnt[13]_i_1/O
                         net (fo=1, routed)           0.000     9.123    key_debounce_inst/p_0_in[13]
    SLICE_X41Y54         FDCE                                         r  key_debounce_inst/cnt_reg[13]/D
  -------------------------------------------------------------------    -------------------

                         (clock sys_clk rise edge)   20.000    20.000 r  
    U18                                               0.000    20.000 r  sys_clk (IN)
                         net (fo=0)                   0.000    20.000    sys_clk
    U18                  IBUF (Prop_ibuf_I_O)         1.459    21.459 r  sys_clk_IBUF_inst/O
                         net (fo=1, routed)           1.880    23.339    sys_clk_IBUF
    BUFGCTRL_X0Y0        BUFG (Prop_bufg_I_O)         0.091    23.430 r  sys_clk_IBUF_BUFG_inst/O
                         net (fo=25, routed)          1.566    24.996    key_debounce_inst/CLK
    SLICE_X41Y54         FDCE                                         r  key_debounce_inst/cnt_reg[13]/C
                         clock pessimism              0.429    25.425    
                         clock uncertainty           -0.035    25.390    
    SLICE_X41Y54         FDCE (Setup_fdce_C_D)        0.029    25.419    key_debounce_inst/cnt_reg[13]
  -------------------------------------------------------------------
                         required time                         25.419    
                         arrival time                          -9.123    
  -------------------------------------------------------------------
                         slack                                 16.296    

Slack (MET) :             16.345ns  (required time - arrival time)
  Source:                 key_debounce_inst/cnt_reg[18]/C
                            (rising edge-triggered cell FDCE clocked by sys_clk  {rise@0.000ns fall@10.000ns period=20.000ns})
  Destination:            key_debounce_inst/cnt_reg[1]/D
                            (rising edge-triggered cell FDCE clocked by sys_clk  {rise@0.000ns fall@10.000ns period=20.000ns})
  Path Group:             sys_clk
  Path Type:              Setup (Max at Slow Process Corner)
  Requirement:            20.000ns  (sys_clk rise@20.000ns - sys_clk rise@0.000ns)
  Data Path Delay:        3.625ns  (logic 1.064ns (29.352%)  route 2.561ns (70.648%))
  Logic Levels:           3  (LUT2=1 LUT4=1 LUT6=1)
  Clock Path Skew:        -0.024ns (DCD - SCD + CPR)
    Destination Clock Delay (DCD):    4.997ns = ( 24.997 - 20.000 ) 
    Source Clock Delay      (SCD):    5.450ns
    Clock Pessimism Removal (CPR):    0.429ns
  Clock Uncertainty:      0.035ns  ((TSJ^2 + TIJ^2)^1/2 + DJ) / 2 + PE
    Total System Jitter     (TSJ):    0.071ns
    Total Input Jitter      (TIJ):    0.000ns
    Discrete Jitter          (DJ):    0.000ns
    Phase Error              (PE):    0.000ns

    Location             Delay type                Incr(ns)  Path(ns)    Netlist Resource(s)
  -------------------------------------------------------------------    -------------------
                         (clock sys_clk rise edge)    0.000     0.000 r  
    U18                                               0.000     0.000 r  sys_clk (IN)
                         net (fo=0)                   0.000     0.000    sys_clk
    U18                  IBUF (Prop_ibuf_I_O)         1.530     1.530 r  sys_clk_IBUF_inst/O
                         net (fo=1, routed)           2.076     3.606    sys_clk_IBUF
    BUFGCTRL_X0Y0        BUFG (Prop_bufg_I_O)         0.101     3.707 r  sys_clk_IBUF_BUFG_inst/O
                         net (fo=25, routed)          1.743     5.450    key_debounce_inst/CLK
    SLICE_X41Y55         FDCE                                         r  key_debounce_inst/cnt_reg[18]/C
  -------------------------------------------------------------------    -------------------
    SLICE_X41Y55         FDCE (Prop_fdce_C_Q)         0.456     5.906 r  key_debounce_inst/cnt_reg[18]/Q
                         net (fo=4, routed)           0.828     6.734    key_debounce_inst/cnt[18]
    SLICE_X41Y55         LUT4 (Prop_lut4_I0_O)        0.152     6.886 r  key_debounce_inst/cnt[19]_i_3/O
                         net (fo=2, routed)           0.821     7.707    key_debounce_inst/cnt[19]_i_3_n_0
    SLICE_X41Y54         LUT6 (Prop_lut6_I3_O)        0.332     8.039 r  key_debounce_inst/cnt[15]_i_2/O
                         net (fo=13, routed)          0.912     8.951    key_debounce_inst/cnt[15]_i_2_n_0
    SLICE_X41Y51         LUT2 (Prop_lut2_I0_O)        0.124     9.075 r  key_debounce_inst/cnt[1]_i_1/O
                         net (fo=1, routed)           0.000     9.075    key_debounce_inst/p_0_in[1]
    SLICE_X41Y51         FDCE                                         r  key_debounce_inst/cnt_reg[1]/D
  -------------------------------------------------------------------    -------------------

                         (clock sys_clk rise edge)   20.000    20.000 r  
    U18                                               0.000    20.000 r  sys_clk (IN)
                         net (fo=0)                   0.000    20.000    sys_clk
    U18                  IBUF (Prop_ibuf_I_O)         1.459    21.459 r  sys_clk_IBUF_inst/O
                         net (fo=1, routed)           1.880    23.339    sys_clk_IBUF
    BUFGCTRL_X0Y0        BUFG (Prop_bufg_I_O)         0.091    23.430 r  sys_clk_IBUF_BUFG_inst/O
                         net (fo=25, routed)          1.567    24.997    key_debounce_inst/CLK
    SLICE_X41Y51         FDCE                                         r  key_debounce_inst/cnt_reg[1]/C
                         clock pessimism              0.429    25.426    
                         clock uncertainty           -0.035    25.391    
    SLICE_X41Y51         FDCE (Setup_fdce_C_D)        0.029    25.420    key_debounce_inst/cnt_reg[1]
  -------------------------------------------------------------------
                         required time                         25.420    
                         arrival time                          -9.075    
  -------------------------------------------------------------------
                         slack                                 16.345    

Slack (MET) :             16.349ns  (required time - arrival time)
  Source:                 key_debounce_inst/cnt_reg[18]/C
                            (rising edge-triggered cell FDCE clocked by sys_clk  {rise@0.000ns fall@10.000ns period=20.000ns})
  Destination:            key_debounce_inst/cnt_reg[3]/D
                            (rising edge-triggered cell FDCE clocked by sys_clk  {rise@0.000ns fall@10.000ns period=20.000ns})
  Path Group:             sys_clk
  Path Type:              Setup (Max at Slow Process Corner)
  Requirement:            20.000ns  (sys_clk rise@20.000ns - sys_clk rise@0.000ns)
  Data Path Delay:        3.623ns  (logic 1.064ns (29.368%)  route 2.559ns (70.632%))
  Logic Levels:           3  (LUT2=1 LUT4=1 LUT6=1)
  Clock Path Skew:        -0.024ns (DCD - SCD + CPR)
    Destination Clock Delay (DCD):    4.997ns = ( 24.997 - 20.000 ) 
    Source Clock Delay      (SCD):    5.450ns
    Clock Pessimism Removal (CPR):    0.429ns
  Clock Uncertainty:      0.035ns  ((TSJ^2 + TIJ^2)^1/2 + DJ) / 2 + PE
    Total System Jitter     (TSJ):    0.071ns
    Total Input Jitter      (TIJ):    0.000ns
    Discrete Jitter          (DJ):    0.000ns
    Phase Error              (PE):    0.000ns

    Location             Delay type                Incr(ns)  Path(ns)    Netlist Resource(s)
  -------------------------------------------------------------------    -------------------
                         (clock sys_clk rise edge)    0.000     0.000 r  
    U18                                               0.000     0.000 r  sys_clk (IN)
                         net (fo=0)                   0.000     0.000    sys_clk
    U18                  IBUF (Prop_ibuf_I_O)         1.530     1.530 r  sys_clk_IBUF_inst/O
                         net (fo=1, routed)           2.076     3.606    sys_clk_IBUF
    BUFGCTRL_X0Y0        BUFG (Prop_bufg_I_O)         0.101     3.707 r  sys_clk_IBUF_BUFG_inst/O
                         net (fo=25, routed)          1.743     5.450    key_debounce_inst/CLK
    SLICE_X41Y55         FDCE                                         r  key_debounce_inst/cnt_reg[18]/C
  -------------------------------------------------------------------    -------------------
    SLICE_X41Y55         FDCE (Prop_fdce_C_Q)         0.456     5.906 r  key_debounce_inst/cnt_reg[18]/Q
                         net (fo=4, routed)           0.828     6.734    key_debounce_inst/cnt[18]
    SLICE_X41Y55         LUT4 (Prop_lut4_I0_O)        0.152     6.886 r  key_debounce_inst/cnt[19]_i_3/O
                         net (fo=2, routed)           0.821     7.707    key_debounce_inst/cnt[19]_i_3_n_0
    SLICE_X41Y54         LUT6 (Prop_lut6_I3_O)        0.332     8.039 r  key_debounce_inst/cnt[15]_i_2/O
                         net (fo=13, routed)          0.910     8.949    key_debounce_inst/cnt[15]_i_2_n_0
    SLICE_X41Y51         LUT2 (Prop_lut2_I0_O)        0.124     9.073 r  key_debounce_inst/cnt[3]_i_1/O
                         net (fo=1, routed)           0.000     9.073    key_debounce_inst/p_0_in[3]
    SLICE_X41Y51         FDCE                                         r  key_debounce_inst/cnt_reg[3]/D
  -------------------------------------------------------------------    -------------------

                         (clock sys_clk rise edge)   20.000    20.000 r  
    U18                                               0.000    20.000 r  sys_clk (IN)
                         net (fo=0)                   0.000    20.000    sys_clk
    U18                  IBUF (Prop_ibuf_I_O)         1.459    21.459 r  sys_clk_IBUF_inst/O
                         net (fo=1, routed)           1.880    23.339    sys_clk_IBUF
    BUFGCTRL_X0Y0        BUFG (Prop_bufg_I_O)         0.091    23.430 r  sys_clk_IBUF_BUFG_inst/O
                         net (fo=25, routed)          1.567    24.997    key_debounce_inst/CLK
    SLICE_X41Y51         FDCE                                         r  key_debounce_inst/cnt_reg[3]/C
                         clock pessimism              0.429    25.426    
                         clock uncertainty           -0.035    25.391    
    SLICE_X41Y51         FDCE (Setup_fdce_C_D)        0.031    25.422    key_debounce_inst/cnt_reg[3]
  -------------------------------------------------------------------
                         required time                         25.422    
                         arrival time                          -9.073    
  -------------------------------------------------------------------
                         slack                                 16.349    

Slack (MET) :             16.365ns  (required time - arrival time)
  Source:                 key_debounce_inst/cnt_reg[18]/C
                            (rising edge-triggered cell FDCE clocked by sys_clk  {rise@0.000ns fall@10.000ns period=20.000ns})
  Destination:            key_debounce_inst/cnt_reg[2]/D
                            (rising edge-triggered cell FDCE clocked by sys_clk  {rise@0.000ns fall@10.000ns period=20.000ns})
  Path Group:             sys_clk
  Path Type:              Setup (Max at Slow Process Corner)
  Requirement:            20.000ns  (sys_clk rise@20.000ns - sys_clk rise@0.000ns)
  Data Path Delay:        3.651ns  (logic 1.090ns (29.855%)  route 2.561ns (70.145%))
  Logic Levels:           3  (LUT2=1 LUT4=1 LUT6=1)
  Clock Path Skew:        -0.024ns (DCD - SCD + CPR)
    Destination Clock Delay (DCD):    4.997ns = ( 24.997 - 20.000 ) 
    Source Clock Delay      (SCD):    5.450ns
    Clock Pessimism Removal (CPR):    0.429ns
  Clock Uncertainty:      0.035ns  ((TSJ^2 + TIJ^2)^1/2 + DJ) / 2 + PE
    Total System Jitter     (TSJ):    0.071ns
    Total Input Jitter      (TIJ):    0.000ns
    Discrete Jitter          (DJ):    0.000ns
    Phase Error              (PE):    0.000ns

    Location             Delay type                Incr(ns)  Path(ns)    Netlist Resource(s)
  -------------------------------------------------------------------    -------------------
                         (clock sys_clk rise edge)    0.000     0.000 r  
    U18                                               0.000     0.000 r  sys_clk (IN)
                         net (fo=0)                   0.000     0.000    sys_clk
    U18                  IBUF (Prop_ibuf_I_O)         1.530     1.530 r  sys_clk_IBUF_inst/O
                         net (fo=1, routed)           2.076     3.606    sys_clk_IBUF
    BUFGCTRL_X0Y0        BUFG (Prop_bufg_I_O)         0.101     3.707 r  sys_clk_IBUF_BUFG_inst/O
                         net (fo=25, routed)          1.743     5.450    key_debounce_inst/CLK
    SLICE_X41Y55         FDCE                                         r  key_debounce_inst/cnt_reg[18]/C
  -------------------------------------------------------------------    -------------------
    SLICE_X41Y55         FDCE (Prop_fdce_C_Q)         0.456     5.906 r  key_debounce_inst/cnt_reg[18]/Q
                         net (fo=4, routed)           0.828     6.734    key_debounce_inst/cnt[18]
    SLICE_X41Y55         LUT4 (Prop_lut4_I0_O)        0.152     6.886 r  key_debounce_inst/cnt[19]_i_3/O
                         net (fo=2, routed)           0.821     7.707    key_debounce_inst/cnt[19]_i_3_n_0
    SLICE_X41Y54         LUT6 (Prop_lut6_I3_O)        0.332     8.039 r  key_debounce_inst/cnt[15]_i_2/O
                         net (fo=13, routed)          0.912     8.951    key_debounce_inst/cnt[15]_i_2_n_0
    SLICE_X41Y51         LUT2 (Prop_lut2_I0_O)        0.150     9.101 r  key_debounce_inst/cnt[2]_i_1/O
                         net (fo=1, routed)           0.000     9.101    key_debounce_inst/p_0_in[2]
    SLICE_X41Y51         FDCE                                         r  key_debounce_inst/cnt_reg[2]/D
  -------------------------------------------------------------------    -------------------

                         (clock sys_clk rise edge)   20.000    20.000 r  
    U18                                               0.000    20.000 r  sys_clk (IN)
                         net (fo=0)                   0.000    20.000    sys_clk
    U18                  IBUF (Prop_ibuf_I_O)         1.459    21.459 r  sys_clk_IBUF_inst/O
                         net (fo=1, routed)           1.880    23.339    sys_clk_IBUF
    BUFGCTRL_X0Y0        BUFG (Prop_bufg_I_O)         0.091    23.430 r  sys_clk_IBUF_BUFG_inst/O
                         net (fo=25, routed)          1.567    24.997    key_debounce_inst/CLK
    SLICE_X41Y51         FDCE                                         r  key_debounce_inst/cnt_reg[2]/C
                         clock pessimism              0.429    25.426    
                         clock uncertainty           -0.035    25.391    
    SLICE_X41Y51         FDCE (Setup_fdce_C_D)        0.075    25.466    key_debounce_inst/cnt_reg[2]
  -------------------------------------------------------------------
                         required time                         25.466    
                         arrival time                          -9.101    
  -------------------------------------------------------------------
                         slack                                 16.365    

Slack (MET) :             16.367ns  (required time - arrival time)
  Source:                 key_debounce_inst/cnt_reg[18]/C
                            (rising edge-triggered cell FDCE clocked by sys_clk  {rise@0.000ns fall@10.000ns period=20.000ns})
  Destination:            key_debounce_inst/cnt_reg[4]/D
                            (rising edge-triggered cell FDCE clocked by sys_clk  {rise@0.000ns fall@10.000ns period=20.000ns})
  Path Group:             sys_clk
  Path Type:              Setup (Max at Slow Process Corner)
  Requirement:            20.000ns  (sys_clk rise@20.000ns - sys_clk rise@0.000ns)
  Data Path Delay:        3.649ns  (logic 1.090ns (29.872%)  route 2.559ns (70.128%))
  Logic Levels:           3  (LUT2=1 LUT4=1 LUT6=1)
  Clock Path Skew:        -0.024ns (DCD - SCD + CPR)
    Destination Clock Delay (DCD):    4.997ns = ( 24.997 - 20.000 ) 
    Source Clock Delay      (SCD):    5.450ns
    Clock Pessimism Removal (CPR):    0.429ns
  Clock Uncertainty:      0.035ns  ((TSJ^2 + TIJ^2)^1/2 + DJ) / 2 + PE
    Total System Jitter     (TSJ):    0.071ns
    Total Input Jitter      (TIJ):    0.000ns
    Discrete Jitter          (DJ):    0.000ns
    Phase Error              (PE):    0.000ns

    Location             Delay type                Incr(ns)  Path(ns)    Netlist Resource(s)
  -------------------------------------------------------------------    -------------------
                         (clock sys_clk rise edge)    0.000     0.000 r  
    U18                                               0.000     0.000 r  sys_clk (IN)
                         net (fo=0)                   0.000     0.000    sys_clk
    U18                  IBUF (Prop_ibuf_I_O)         1.530     1.530 r  sys_clk_IBUF_inst/O
                         net (fo=1, routed)           2.076     3.606    sys_clk_IBUF
    BUFGCTRL_X0Y0        BUFG (Prop_bufg_I_O)         0.101     3.707 r  sys_clk_IBUF_BUFG_inst/O
                         net (fo=25, routed)          1.743     5.450    key_debounce_inst/CLK
    SLICE_X41Y55         FDCE                                         r  key_debounce_inst/cnt_reg[18]/C
  -------------------------------------------------------------------    -------------------
    SLICE_X41Y55         FDCE (Prop_fdce_C_Q)         0.456     5.906 r  key_debounce_inst/cnt_reg[18]/Q
                         net (fo=4, routed)           0.828     6.734    key_debounce_inst/cnt[18]
    SLICE_X41Y55         LUT4 (Prop_lut4_I0_O)        0.152     6.886 r  key_debounce_inst/cnt[19]_i_3/O
                         net (fo=2, routed)           0.821     7.707    key_debounce_inst/cnt[19]_i_3_n_0
    SLICE_X41Y54         LUT6 (Prop_lut6_I3_O)        0.332     8.039 r  key_debounce_inst/cnt[15]_i_2/O
                         net (fo=13, routed)          0.910     8.949    key_debounce_inst/cnt[15]_i_2_n_0
    SLICE_X41Y51         LUT2 (Prop_lut2_I0_O)        0.150     9.099 r  key_debounce_inst/cnt[4]_i_1/O
                         net (fo=1, routed)           0.000     9.099    key_debounce_inst/p_0_in[4]
    SLICE_X41Y51         FDCE                                         r  key_debounce_inst/cnt_reg[4]/D
  -------------------------------------------------------------------    -------------------

                         (clock sys_clk rise edge)   20.000    20.000 r  
    U18                                               0.000    20.000 r  sys_clk (IN)
                         net (fo=0)                   0.000    20.000    sys_clk
    U18                  IBUF (Prop_ibuf_I_O)         1.459    21.459 r  sys_clk_IBUF_inst/O
                         net (fo=1, routed)           1.880    23.339    sys_clk_IBUF
    BUFGCTRL_X0Y0        BUFG (Prop_bufg_I_O)         0.091    23.430 r  sys_clk_IBUF_BUFG_inst/O
                         net (fo=25, routed)          1.567    24.997    key_debounce_inst/CLK
    SLICE_X41Y51         FDCE                                         r  key_debounce_inst/cnt_reg[4]/C
                         clock pessimism              0.429    25.426    
                         clock uncertainty           -0.035    25.391    
    SLICE_X41Y51         FDCE (Setup_fdce_C_D)        0.075    25.466    key_debounce_inst/cnt_reg[4]
  -------------------------------------------------------------------
                         required time                         25.466    
                         arrival time                          -9.099    
  -------------------------------------------------------------------
                         slack                                 16.367    

Slack (MET) :             16.422ns  (required time - arrival time)
  Source:                 key_debounce_inst/cnt_reg[9]/C
                            (rising edge-triggered cell FDCE clocked by sys_clk  {rise@0.000ns fall@10.000ns period=20.000ns})
  Destination:            key_debounce_inst/cnt_reg[14]/D
                            (rising edge-triggered cell FDCE clocked by sys_clk  {rise@0.000ns fall@10.000ns period=20.000ns})
  Path Group:             sys_clk
  Path Type:              Setup (Max at Slow Process Corner)
  Requirement:            20.000ns  (sys_clk rise@20.000ns - sys_clk rise@0.000ns)
  Data Path Delay:        3.595ns  (logic 1.942ns (54.020%)  route 1.653ns (45.980%))
  Logic Levels:           4  (CARRY4=2 LUT1=1 LUT4=1)
  Clock Path Skew:        -0.025ns (DCD - SCD + CPR)
    Destination Clock Delay (DCD):    4.996ns = ( 24.996 - 20.000 ) 
    Source Clock Delay      (SCD):    5.450ns
    Clock Pessimism Removal (CPR):    0.429ns
  Clock Uncertainty:      0.035ns  ((TSJ^2 + TIJ^2)^1/2 + DJ) / 2 + PE
    Total System Jitter     (TSJ):    0.071ns
    Total Input Jitter      (TIJ):    0.000ns
    Discrete Jitter          (DJ):    0.000ns
    Phase Error              (PE):    0.000ns

    Location             Delay type                Incr(ns)  Path(ns)    Netlist Resource(s)
  -------------------------------------------------------------------    -------------------
                         (clock sys_clk rise edge)    0.000     0.000 r  
    U18                                               0.000     0.000 r  sys_clk (IN)
                         net (fo=0)                   0.000     0.000    sys_clk
    U18                  IBUF (Prop_ibuf_I_O)         1.530     1.530 r  sys_clk_IBUF_inst/O
                         net (fo=1, routed)           2.076     3.606    sys_clk_IBUF
    BUFGCTRL_X0Y0        BUFG (Prop_bufg_I_O)         0.101     3.707 r  sys_clk_IBUF_BUFG_inst/O
                         net (fo=25, routed)          1.743     5.450    key_debounce_inst/CLK
    SLICE_X42Y54         FDCE                                         r  key_debounce_inst/cnt_reg[9]/C
  -------------------------------------------------------------------    -------------------
    SLICE_X42Y54         FDCE (Prop_fdce_C_Q)         0.478     5.928 f  key_debounce_inst/cnt_reg[9]/Q
                         net (fo=4, routed)           0.990     6.918    key_debounce_inst/cnt[9]
    SLICE_X40Y53         LUT1 (Prop_lut1_I0_O)        0.295     7.213 r  key_debounce_inst/cnt0_carry__1_i_4/O
                         net (fo=1, routed)           0.000     7.213    key_debounce_inst/cnt0_carry__1_i_4_n_0
    SLICE_X40Y53         CARRY4 (Prop_carry4_S[0]_CO[3])
                                                      0.532     7.745 r  key_debounce_inst/cnt0_carry__1/CO[3]
                         net (fo=1, routed)           0.000     7.745    key_debounce_inst/cnt0_carry__1_n_0
    SLICE_X40Y54         CARRY4 (Prop_carry4_CI_O[1])
                                                      0.334     8.079 r  key_debounce_inst/cnt0_carry__2/O[1]
                         net (fo=1, routed)           0.663     8.742    key_debounce_inst/cnt0[14]
    SLICE_X42Y55         LUT4 (Prop_lut4_I0_O)        0.303     9.045 r  key_debounce_inst/cnt[14]_i_1/O
                         net (fo=1, routed)           0.000     9.045    key_debounce_inst/p_0_in[14]
    SLICE_X42Y55         FDCE                                         r  key_debounce_inst/cnt_reg[14]/D
  -------------------------------------------------------------------    -------------------

                         (clock sys_clk rise edge)   20.000    20.000 r  
    U18                                               0.000    20.000 r  sys_clk (IN)
                         net (fo=0)                   0.000    20.000    sys_clk
    U18                  IBUF (Prop_ibuf_I_O)         1.459    21.459 r  sys_clk_IBUF_inst/O
                         net (fo=1, routed)           1.880    23.339    sys_clk_IBUF
    BUFGCTRL_X0Y0        BUFG (Prop_bufg_I_O)         0.091    23.430 r  sys_clk_IBUF_BUFG_inst/O
                         net (fo=25, routed)          1.566    24.996    key_debounce_inst/CLK
    SLICE_X42Y55         FDCE                                         r  key_debounce_inst/cnt_reg[14]/C
                         clock pessimism              0.429    25.425    
                         clock uncertainty           -0.035    25.390    
    SLICE_X42Y55         FDCE (Setup_fdce_C_D)        0.077    25.467    key_debounce_inst/cnt_reg[14]
  -------------------------------------------------------------------
                         required time                         25.467    
                         arrival time                          -9.045    
  -------------------------------------------------------------------
                         slack                                 16.422    

Slack (MET) :             16.423ns  (required time - arrival time)
  Source:                 key_debounce_inst/cnt_reg[18]/C
                            (rising edge-triggered cell FDCE clocked by sys_clk  {rise@0.000ns fall@10.000ns period=20.000ns})
  Destination:            key_debounce_inst/cnt_reg[11]/D
                            (rising edge-triggered cell FDCE clocked by sys_clk  {rise@0.000ns fall@10.000ns period=20.000ns})
  Path Group:             sys_clk
  Path Type:              Setup (Max at Slow Process Corner)
  Requirement:            20.000ns  (sys_clk rise@20.000ns - sys_clk rise@0.000ns)
  Data Path Delay:        3.548ns  (logic 1.064ns (29.989%)  route 2.484ns (70.011%))
  Logic Levels:           3  (LUT2=1 LUT4=1 LUT6=1)
  Clock Path Skew:        -0.025ns (DCD - SCD + CPR)
    Destination Clock Delay (DCD):    4.996ns = ( 24.996 - 20.000 ) 
    Source Clock Delay      (SCD):    5.450ns
    Clock Pessimism Removal (CPR):    0.429ns
  Clock Uncertainty:      0.035ns  ((TSJ^2 + TIJ^2)^1/2 + DJ) / 2 + PE
    Total System Jitter     (TSJ):    0.071ns
    Total Input Jitter      (TIJ):    0.000ns
    Discrete Jitter          (DJ):    0.000ns
    Phase Error              (PE):    0.000ns

    Location             Delay type                Incr(ns)  Path(ns)    Netlist Resource(s)
  -------------------------------------------------------------------    -------------------
                         (clock sys_clk rise edge)    0.000     0.000 r  
    U18                                               0.000     0.000 r  sys_clk (IN)
                         net (fo=0)                   0.000     0.000    sys_clk
    U18                  IBUF (Prop_ibuf_I_O)         1.530     1.530 r  sys_clk_IBUF_inst/O
                         net (fo=1, routed)           2.076     3.606    sys_clk_IBUF
    BUFGCTRL_X0Y0        BUFG (Prop_bufg_I_O)         0.101     3.707 r  sys_clk_IBUF_BUFG_inst/O
                         net (fo=25, routed)          1.743     5.450    key_debounce_inst/CLK
    SLICE_X41Y55         FDCE                                         r  key_debounce_inst/cnt_reg[18]/C
  -------------------------------------------------------------------    -------------------
    SLICE_X41Y55         FDCE (Prop_fdce_C_Q)         0.456     5.906 r  key_debounce_inst/cnt_reg[18]/Q
                         net (fo=4, routed)           0.828     6.734    key_debounce_inst/cnt[18]
    SLICE_X41Y55         LUT4 (Prop_lut4_I0_O)        0.152     6.886 r  key_debounce_inst/cnt[19]_i_3/O
                         net (fo=2, routed)           0.821     7.707    key_debounce_inst/cnt[19]_i_3_n_0
    SLICE_X41Y54         LUT6 (Prop_lut6_I3_O)        0.332     8.039 r  key_debounce_inst/cnt[15]_i_2/O
                         net (fo=13, routed)          0.835     8.874    key_debounce_inst/cnt[15]_i_2_n_0
    SLICE_X41Y53         LUT2 (Prop_lut2_I0_O)        0.124     8.998 r  key_debounce_inst/cnt[11]_i_1/O
                         net (fo=1, routed)           0.000     8.998    key_debounce_inst/p_0_in[11]
    SLICE_X41Y53         FDCE                                         r  key_debounce_inst/cnt_reg[11]/D
  -------------------------------------------------------------------    -------------------

                         (clock sys_clk rise edge)   20.000    20.000 r  
    U18                                               0.000    20.000 r  sys_clk (IN)
                         net (fo=0)                   0.000    20.000    sys_clk
    U18                  IBUF (Prop_ibuf_I_O)         1.459    21.459 r  sys_clk_IBUF_inst/O
                         net (fo=1, routed)           1.880    23.339    sys_clk_IBUF
    BUFGCTRL_X0Y0        BUFG (Prop_bufg_I_O)         0.091    23.430 r  sys_clk_IBUF_BUFG_inst/O
                         net (fo=25, routed)          1.566    24.996    key_debounce_inst/CLK
    SLICE_X41Y53         FDCE                                         r  key_debounce_inst/cnt_reg[11]/C
                         clock pessimism              0.429    25.425    
                         clock uncertainty           -0.035    25.390    
    SLICE_X41Y53         FDCE (Setup_fdce_C_D)        0.031    25.421    key_debounce_inst/cnt_reg[11]
  -------------------------------------------------------------------
                         required time                         25.421    
                         arrival time                          -8.998    
  -------------------------------------------------------------------
                         slack                                 16.423    

Slack (MET) :             16.427ns  (required time - arrival time)
  Source:                 key_debounce_inst/cnt_reg[11]/C
                            (rising edge-triggered cell FDCE clocked by sys_clk  {rise@0.000ns fall@10.000ns period=20.000ns})
  Destination:            key_debounce_inst/cnt_reg[16]/D
                            (rising edge-triggered cell FDCE clocked by sys_clk  {rise@0.000ns fall@10.000ns period=20.000ns})
  Path Group:             sys_clk
  Path Type:              Setup (Max at Slow Process Corner)
  Requirement:            20.000ns  (sys_clk rise@20.000ns - sys_clk rise@0.000ns)
  Data Path Delay:        3.589ns  (logic 0.828ns (23.069%)  route 2.761ns (76.931%))
  Logic Levels:           3  (LUT4=3)
  Clock Path Skew:        -0.025ns (DCD - SCD + CPR)
    Destination Clock Delay (DCD):    4.996ns = ( 24.996 - 20.000 ) 
    Source Clock Delay      (SCD):    5.450ns
    Clock Pessimism Removal (CPR):    0.429ns
  Clock Uncertainty:      0.035ns  ((TSJ^2 + TIJ^2)^1/2 + DJ) / 2 + PE
    Total System Jitter     (TSJ):    0.071ns
    Total Input Jitter      (TIJ):    0.000ns
    Discrete Jitter          (DJ):    0.000ns
    Phase Error              (PE):    0.000ns

    Location             Delay type                Incr(ns)  Path(ns)    Netlist Resource(s)
  -------------------------------------------------------------------    -------------------
                         (clock sys_clk rise edge)    0.000     0.000 r  
    U18                                               0.000     0.000 r  sys_clk (IN)
                         net (fo=0)                   0.000     0.000    sys_clk
    U18                  IBUF (Prop_ibuf_I_O)         1.530     1.530 r  sys_clk_IBUF_inst/O
                         net (fo=1, routed)           2.076     3.606    sys_clk_IBUF
    BUFGCTRL_X0Y0        BUFG (Prop_bufg_I_O)         0.101     3.707 r  sys_clk_IBUF_BUFG_inst/O
                         net (fo=25, routed)          1.743     5.450    key_debounce_inst/CLK
    SLICE_X41Y53         FDCE                                         r  key_debounce_inst/cnt_reg[11]/C
  -------------------------------------------------------------------    -------------------
    SLICE_X41Y53         FDCE (Prop_fdce_C_Q)         0.456     5.906 r  key_debounce_inst/cnt_reg[11]/Q
                         net (fo=4, routed)           0.971     6.877    key_debounce_inst/cnt[11]
    SLICE_X41Y56         LUT4 (Prop_lut4_I3_O)        0.124     7.001 r  key_debounce_inst/cnt[19]_i_6/O
                         net (fo=2, routed)           0.824     7.825    key_debounce_inst/cnt[19]_i_6_n_0
    SLICE_X41Y54         LUT4 (Prop_lut4_I3_O)        0.124     7.949 r  key_debounce_inst/cnt[19]_i_2/O
                         net (fo=7, routed)           0.967     8.915    key_debounce_inst/cnt1
    SLICE_X42Y54         LUT4 (Prop_lut4_I1_O)        0.124     9.039 r  key_debounce_inst/cnt[16]_i_1/O
                         net (fo=1, routed)           0.000     9.039    key_debounce_inst/p_0_in[16]
    SLICE_X42Y54         FDCE                                         r  key_debounce_inst/cnt_reg[16]/D
  -------------------------------------------------------------------    -------------------

                         (clock sys_clk rise edge)   20.000    20.000 r  
    U18                                               0.000    20.000 r  sys_clk (IN)
                         net (fo=0)                   0.000    20.000    sys_clk
    U18                  IBUF (Prop_ibuf_I_O)         1.459    21.459 r  sys_clk_IBUF_inst/O
                         net (fo=1, routed)           1.880    23.339    sys_clk_IBUF
    BUFGCTRL_X0Y0        BUFG (Prop_bufg_I_O)         0.091    23.430 r  sys_clk_IBUF_BUFG_inst/O
                         net (fo=25, routed)          1.566    24.996    key_debounce_inst/CLK
    SLICE_X42Y54         FDCE                                         r  key_debounce_inst/cnt_reg[16]/C
                         clock pessimism              0.429    25.425    
                         clock uncertainty           -0.035    25.390    
    SLICE_X42Y54         FDCE (Setup_fdce_C_D)        0.077    25.467    key_debounce_inst/cnt_reg[16]
  -------------------------------------------------------------------
                         required time                         25.467    
                         arrival time                          -9.039    
  -------------------------------------------------------------------
                         slack                                 16.427    

Slack (MET) :             16.439ns  (required time - arrival time)
  Source:                 key_debounce_inst/cnt_reg[18]/C
                            (rising edge-triggered cell FDCE clocked by sys_clk  {rise@0.000ns fall@10.000ns period=20.000ns})
  Destination:            key_debounce_inst/cnt_reg[8]/D
                            (rising edge-triggered cell FDCE clocked by sys_clk  {rise@0.000ns fall@10.000ns period=20.000ns})
  Path Group:             sys_clk
  Path Type:              Setup (Max at Slow Process Corner)
  Requirement:            20.000ns  (sys_clk rise@20.000ns - sys_clk rise@0.000ns)
  Data Path Delay:        3.576ns  (logic 1.092ns (30.537%)  route 2.484ns (69.463%))
  Logic Levels:           3  (LUT2=1 LUT4=1 LUT6=1)
  Clock Path Skew:        -0.025ns (DCD - SCD + CPR)
    Destination Clock Delay (DCD):    4.996ns = ( 24.996 - 20.000 ) 
    Source Clock Delay      (SCD):    5.450ns
    Clock Pessimism Removal (CPR):    0.429ns
  Clock Uncertainty:      0.035ns  ((TSJ^2 + TIJ^2)^1/2 + DJ) / 2 + PE
    Total System Jitter     (TSJ):    0.071ns
    Total Input Jitter      (TIJ):    0.000ns
    Discrete Jitter          (DJ):    0.000ns
    Phase Error              (PE):    0.000ns

    Location             Delay type                Incr(ns)  Path(ns)    Netlist Resource(s)
  -------------------------------------------------------------------    -------------------
                         (clock sys_clk rise edge)    0.000     0.000 r  
    U18                                               0.000     0.000 r  sys_clk (IN)
                         net (fo=0)                   0.000     0.000    sys_clk
    U18                  IBUF (Prop_ibuf_I_O)         1.530     1.530 r  sys_clk_IBUF_inst/O
                         net (fo=1, routed)           2.076     3.606    sys_clk_IBUF
    BUFGCTRL_X0Y0        BUFG (Prop_bufg_I_O)         0.101     3.707 r  sys_clk_IBUF_BUFG_inst/O
                         net (fo=25, routed)          1.743     5.450    key_debounce_inst/CLK
    SLICE_X41Y55         FDCE                                         r  key_debounce_inst/cnt_reg[18]/C
  -------------------------------------------------------------------    -------------------
    SLICE_X41Y55         FDCE (Prop_fdce_C_Q)         0.456     5.906 r  key_debounce_inst/cnt_reg[18]/Q
                         net (fo=4, routed)           0.828     6.734    key_debounce_inst/cnt[18]
    SLICE_X41Y55         LUT4 (Prop_lut4_I0_O)        0.152     6.886 r  key_debounce_inst/cnt[19]_i_3/O
                         net (fo=2, routed)           0.821     7.707    key_debounce_inst/cnt[19]_i_3_n_0
    SLICE_X41Y54         LUT6 (Prop_lut6_I3_O)        0.332     8.039 r  key_debounce_inst/cnt[15]_i_2/O
                         net (fo=13, routed)          0.835     8.874    key_debounce_inst/cnt[15]_i_2_n_0
    SLICE_X41Y53         LUT2 (Prop_lut2_I0_O)        0.152     9.026 r  key_debounce_inst/cnt[8]_i_1/O
                         net (fo=1, routed)           0.000     9.026    key_debounce_inst/p_0_in[8]
    SLICE_X41Y53         FDCE                                         r  key_debounce_inst/cnt_reg[8]/D
  -------------------------------------------------------------------    -------------------

                         (clock sys_clk rise edge)   20.000    20.000 r  
    U18                                               0.000    20.000 r  sys_clk (IN)
                         net (fo=0)                   0.000    20.000    sys_clk
    U18                  IBUF (Prop_ibuf_I_O)         1.459    21.459 r  sys_clk_IBUF_inst/O
                         net (fo=1, routed)           1.880    23.339    sys_clk_IBUF
    BUFGCTRL_X0Y0        BUFG (Prop_bufg_I_O)         0.091    23.430 r  sys_clk_IBUF_BUFG_inst/O
                         net (fo=25, routed)          1.566    24.996    key_debounce_inst/CLK
    SLICE_X41Y53         FDCE                                         r  key_debounce_inst/cnt_reg[8]/C
                         clock pessimism              0.429    25.425    
                         clock uncertainty           -0.035    25.390    
    SLICE_X41Y53         FDCE (Setup_fdce_C_D)        0.075    25.465    key_debounce_inst/cnt_reg[8]
  -------------------------------------------------------------------
                         required time                         25.465    
                         arrival time                          -9.026    
  -------------------------------------------------------------------
                         slack                                 16.439    





Min Delay Paths
--------------------------------------------------------------------------------------
Slack (MET) :             0.185ns  (arrival time - required time)
  Source:                 key_beep_inst/key_filter_d0_reg/C
                            (rising edge-triggered cell FDPE clocked by sys_clk  {rise@0.000ns fall@10.000ns period=20.000ns})
  Destination:            key_beep_inst/beep_reg/D
                            (rising edge-triggered cell FDPE clocked by sys_clk  {rise@0.000ns fall@10.000ns period=20.000ns})
  Path Group:             sys_clk
  Path Type:              Hold (Min at Fast Process Corner)
  Requirement:            0.000ns  (sys_clk rise@0.000ns - sys_clk rise@0.000ns)
  Data Path Delay:        0.305ns  (logic 0.246ns (80.588%)  route 0.059ns (19.412%))
  Logic Levels:           1  (LUT3=1)
  Clock Path Skew:        0.000ns (DCD - SCD - CPR)
    Destination Clock Delay (DCD):    2.058ns
    Source Clock Delay      (SCD):    1.540ns
    Clock Pessimism Removal (CPR):    0.518ns

    Location             Delay type                Incr(ns)  Path(ns)    Netlist Resource(s)
  -------------------------------------------------------------------    -------------------
                         (clock sys_clk rise edge)    0.000     0.000 r  
    U18                                               0.000     0.000 r  sys_clk (IN)
                         net (fo=0)                   0.000     0.000    sys_clk
    U18                  IBUF (Prop_ibuf_I_O)         0.297     0.297 r  sys_clk_IBUF_inst/O
                         net (fo=1, routed)           0.627     0.925    sys_clk_IBUF
    BUFGCTRL_X0Y0        BUFG (Prop_bufg_I_O)         0.026     0.951 r  sys_clk_IBUF_BUFG_inst/O
                         net (fo=25, routed)          0.590     1.540    key_beep_inst/CLK
    SLICE_X42Y53         FDPE                                         r  key_beep_inst/key_filter_d0_reg/C
  -------------------------------------------------------------------    -------------------
    SLICE_X42Y53         FDPE (Prop_fdpe_C_Q)         0.148     1.688 r  key_beep_inst/key_filter_d0_reg/Q
                         net (fo=1, routed)           0.059     1.748    key_beep_inst/key_filter_d0
    SLICE_X42Y53         LUT3 (Prop_lut3_I1_O)        0.098     1.846 r  key_beep_inst/beep_i_1/O
                         net (fo=1, routed)           0.000     1.846    key_beep_inst/beep_i_1_n_0
    SLICE_X42Y53         FDPE                                         r  key_beep_inst/beep_reg/D
  -------------------------------------------------------------------    -------------------

                         (clock sys_clk rise edge)    0.000     0.000 r  
    U18                                               0.000     0.000 r  sys_clk (IN)
                         net (fo=0)                   0.000     0.000    sys_clk
    U18                  IBUF (Prop_ibuf_I_O)         0.486     0.486 r  sys_clk_IBUF_inst/O
                         net (fo=1, routed)           0.683     1.169    sys_clk_IBUF
    BUFGCTRL_X0Y0        BUFG (Prop_bufg_I_O)         0.029     1.198 r  sys_clk_IBUF_BUFG_inst/O
                         net (fo=25, routed)          0.860     2.058    key_beep_inst/CLK
    SLICE_X42Y53         FDPE                                         r  key_beep_inst/beep_reg/C
                         clock pessimism             -0.518     1.540    
    SLICE_X42Y53         FDPE (Hold_fdpe_C_D)         0.120     1.660    key_beep_inst/beep_reg
  -------------------------------------------------------------------
                         required time                         -1.660    
                         arrival time                           1.846    
  -------------------------------------------------------------------
                         slack                                  0.185    

Slack (MET) :             0.217ns  (arrival time - required time)
  Source:                 key_debounce_inst/key_d0_reg/C
                            (rising edge-triggered cell FDPE clocked by sys_clk  {rise@0.000ns fall@10.000ns period=20.000ns})
  Destination:            key_debounce_inst/key_d1_reg/D
                            (rising edge-triggered cell FDPE clocked by sys_clk  {rise@0.000ns fall@10.000ns period=20.000ns})
  Path Group:             sys_clk
  Path Type:              Hold (Min at Fast Process Corner)
  Requirement:            0.000ns  (sys_clk rise@0.000ns - sys_clk rise@0.000ns)
  Data Path Delay:        0.299ns  (logic 0.164ns (54.920%)  route 0.135ns (45.080%))
  Logic Levels:           0  
  Clock Path Skew:        0.016ns (DCD - SCD - CPR)
    Destination Clock Delay (DCD):    2.058ns
    Source Clock Delay      (SCD):    1.540ns
    Clock Pessimism Removal (CPR):    0.502ns

    Location             Delay type                Incr(ns)  Path(ns)    Netlist Resource(s)
  -------------------------------------------------------------------    -------------------
                         (clock sys_clk rise edge)    0.000     0.000 r  
    U18                                               0.000     0.000 r  sys_clk (IN)
                         net (fo=0)                   0.000     0.000    sys_clk
    U18                  IBUF (Prop_ibuf_I_O)         0.297     0.297 r  sys_clk_IBUF_inst/O
                         net (fo=1, routed)           0.627     0.925    sys_clk_IBUF
    BUFGCTRL_X0Y0        BUFG (Prop_bufg_I_O)         0.026     0.951 r  sys_clk_IBUF_BUFG_inst/O
                         net (fo=25, routed)          0.590     1.540    key_debounce_inst/CLK
    SLICE_X42Y55         FDPE                                         r  key_debounce_inst/key_d0_reg/C
  -------------------------------------------------------------------    -------------------
    SLICE_X42Y55         FDPE (Prop_fdpe_C_Q)         0.164     1.704 r  key_debounce_inst/key_d0_reg/Q
                         net (fo=9, routed)           0.135     1.839    key_debounce_inst/key_d0
    SLICE_X41Y54         FDPE                                         r  key_debounce_inst/key_d1_reg/D
  -------------------------------------------------------------------    -------------------

                         (clock sys_clk rise edge)    0.000     0.000 r  
    U18                                               0.000     0.000 r  sys_clk (IN)
                         net (fo=0)                   0.000     0.000    sys_clk
    U18                  IBUF (Prop_ibuf_I_O)         0.486     0.486 r  sys_clk_IBUF_inst/O
                         net (fo=1, routed)           0.683     1.169    sys_clk_IBUF
    BUFGCTRL_X0Y0        BUFG (Prop_bufg_I_O)         0.029     1.198 r  sys_clk_IBUF_BUFG_inst/O
                         net (fo=25, routed)          0.860     2.058    key_debounce_inst/CLK
    SLICE_X41Y54         FDPE                                         r  key_debounce_inst/key_d1_reg/C
                         clock pessimism             -0.502     1.556    
    SLICE_X41Y54         FDPE (Hold_fdpe_C_D)         0.066     1.622    key_debounce_inst/key_d1_reg
  -------------------------------------------------------------------
                         required time                         -1.622    
                         arrival time                           1.839    
  -------------------------------------------------------------------
                         slack                                  0.217    

Slack (MET) :             0.259ns  (arrival time - required time)
  Source:                 key_debounce_inst/key_d1_reg/C
                            (rising edge-triggered cell FDPE clocked by sys_clk  {rise@0.000ns fall@10.000ns period=20.000ns})
  Destination:            key_debounce_inst/cnt_reg[17]/D
                            (rising edge-triggered cell FDCE clocked by sys_clk  {rise@0.000ns fall@10.000ns period=20.000ns})
  Path Group:             sys_clk
  Path Type:              Hold (Min at Fast Process Corner)
  Requirement:            0.000ns  (sys_clk rise@0.000ns - sys_clk rise@0.000ns)
  Data Path Delay:        0.406ns  (logic 0.187ns (46.083%)  route 0.219ns (53.917%))
  Logic Levels:           1  (LUT4=1)
  Clock Path Skew:        0.016ns (DCD - SCD - CPR)
    Destination Clock Delay (DCD):    2.058ns
    Source Clock Delay      (SCD):    1.540ns
    Clock Pessimism Removal (CPR):    0.502ns

    Location             Delay type                Incr(ns)  Path(ns)    Netlist Resource(s)
  -------------------------------------------------------------------    -------------------
                         (clock sys_clk rise edge)    0.000     0.000 r  
    U18                                               0.000     0.000 r  sys_clk (IN)
                         net (fo=0)                   0.000     0.000    sys_clk
    U18                  IBUF (Prop_ibuf_I_O)         0.297     0.297 r  sys_clk_IBUF_inst/O
                         net (fo=1, routed)           0.627     0.925    sys_clk_IBUF
    BUFGCTRL_X0Y0        BUFG (Prop_bufg_I_O)         0.026     0.951 r  sys_clk_IBUF_BUFG_inst/O
                         net (fo=25, routed)          0.590     1.540    key_debounce_inst/CLK
    SLICE_X41Y54         FDPE                                         r  key_debounce_inst/key_d1_reg/C
  -------------------------------------------------------------------    -------------------
    SLICE_X41Y54         FDPE (Prop_fdpe_C_Q)         0.141     1.681 r  key_debounce_inst/key_d1_reg/Q
                         net (fo=9, routed)           0.219     1.900    key_debounce_inst/key_d1
    SLICE_X42Y55         LUT4 (Prop_lut4_I2_O)        0.046     1.946 r  key_debounce_inst/cnt[17]_i_1/O
                         net (fo=1, routed)           0.000     1.946    key_debounce_inst/p_0_in[17]
    SLICE_X42Y55         FDCE                                         r  key_debounce_inst/cnt_reg[17]/D
  -------------------------------------------------------------------    -------------------

                         (clock sys_clk rise edge)    0.000     0.000 r  
    U18                                               0.000     0.000 r  sys_clk (IN)
                         net (fo=0)                   0.000     0.000    sys_clk
    U18                  IBUF (Prop_ibuf_I_O)         0.486     0.486 r  sys_clk_IBUF_inst/O
                         net (fo=1, routed)           0.683     1.169    sys_clk_IBUF
    BUFGCTRL_X0Y0        BUFG (Prop_bufg_I_O)         0.029     1.198 r  sys_clk_IBUF_BUFG_inst/O
                         net (fo=25, routed)          0.860     2.058    key_debounce_inst/CLK
    SLICE_X42Y55         FDCE                                         r  key_debounce_inst/cnt_reg[17]/C
                         clock pessimism             -0.502     1.556    
    SLICE_X42Y55         FDCE (Hold_fdce_C_D)         0.131     1.687    key_debounce_inst/cnt_reg[17]
  -------------------------------------------------------------------
                         required time                         -1.687    
                         arrival time                           1.946    
  -------------------------------------------------------------------
                         slack                                  0.259    

Slack (MET) :             0.269ns  (arrival time - required time)
  Source:                 key_debounce_inst/key_d1_reg/C
                            (rising edge-triggered cell FDPE clocked by sys_clk  {rise@0.000ns fall@10.000ns period=20.000ns})
  Destination:            key_debounce_inst/cnt_reg[14]/D
                            (rising edge-triggered cell FDCE clocked by sys_clk  {rise@0.000ns fall@10.000ns period=20.000ns})
  Path Group:             sys_clk
  Path Type:              Hold (Min at Fast Process Corner)
  Requirement:            0.000ns  (sys_clk rise@0.000ns - sys_clk rise@0.000ns)
  Data Path Delay:        0.405ns  (logic 0.186ns (45.950%)  route 0.219ns (54.050%))
  Logic Levels:           1  (LUT4=1)
  Clock Path Skew:        0.016ns (DCD - SCD - CPR)
    Destination Clock Delay (DCD):    2.058ns
    Source Clock Delay      (SCD):    1.540ns
    Clock Pessimism Removal (CPR):    0.502ns

    Location             Delay type                Incr(ns)  Path(ns)    Netlist Resource(s)
  -------------------------------------------------------------------    -------------------
                         (clock sys_clk rise edge)    0.000     0.000 r  
    U18                                               0.000     0.000 r  sys_clk (IN)
                         net (fo=0)                   0.000     0.000    sys_clk
    U18                  IBUF (Prop_ibuf_I_O)         0.297     0.297 r  sys_clk_IBUF_inst/O
                         net (fo=1, routed)           0.627     0.925    sys_clk_IBUF
    BUFGCTRL_X0Y0        BUFG (Prop_bufg_I_O)         0.026     0.951 r  sys_clk_IBUF_BUFG_inst/O
                         net (fo=25, routed)          0.590     1.540    key_debounce_inst/CLK
    SLICE_X41Y54         FDPE                                         r  key_debounce_inst/key_d1_reg/C
  -------------------------------------------------------------------    -------------------
    SLICE_X41Y54         FDPE (Prop_fdpe_C_Q)         0.141     1.681 r  key_debounce_inst/key_d1_reg/Q
                         net (fo=9, routed)           0.219     1.900    key_debounce_inst/key_d1
    SLICE_X42Y55         LUT4 (Prop_lut4_I2_O)        0.045     1.945 r  key_debounce_inst/cnt[14]_i_1/O
                         net (fo=1, routed)           0.000     1.945    key_debounce_inst/p_0_in[14]
    SLICE_X42Y55         FDCE                                         r  key_debounce_inst/cnt_reg[14]/D
  -------------------------------------------------------------------    -------------------

                         (clock sys_clk rise edge)    0.000     0.000 r  
    U18                                               0.000     0.000 r  sys_clk (IN)
                         net (fo=0)                   0.000     0.000    sys_clk
    U18                  IBUF (Prop_ibuf_I_O)         0.486     0.486 r  sys_clk_IBUF_inst/O
                         net (fo=1, routed)           0.683     1.169    sys_clk_IBUF
    BUFGCTRL_X0Y0        BUFG (Prop_bufg_I_O)         0.029     1.198 r  sys_clk_IBUF_BUFG_inst/O
                         net (fo=25, routed)          0.860     2.058    key_debounce_inst/CLK
    SLICE_X42Y55         FDCE                                         r  key_debounce_inst/cnt_reg[14]/C
                         clock pessimism             -0.502     1.556    
    SLICE_X42Y55         FDCE (Hold_fdce_C_D)         0.120     1.676    key_debounce_inst/cnt_reg[14]
  -------------------------------------------------------------------
                         required time                         -1.676    
                         arrival time                           1.945    
  -------------------------------------------------------------------
                         slack                                  0.269    

Slack (MET) :             0.302ns  (arrival time - required time)
  Source:                 key_debounce_inst/key_d0_reg/C
                            (rising edge-triggered cell FDPE clocked by sys_clk  {rise@0.000ns fall@10.000ns period=20.000ns})
  Destination:            key_debounce_inst/cnt_reg[19]/D
                            (rising edge-triggered cell FDCE clocked by sys_clk  {rise@0.000ns fall@10.000ns period=20.000ns})
  Path Group:             sys_clk
  Path Type:              Hold (Min at Fast Process Corner)
  Requirement:            0.000ns  (sys_clk rise@0.000ns - sys_clk rise@0.000ns)
  Data Path Delay:        0.425ns  (logic 0.210ns (49.457%)  route 0.215ns (50.543%))
  Logic Levels:           1  (LUT4=1)
  Clock Path Skew:        0.016ns (DCD - SCD - CPR)
    Destination Clock Delay (DCD):    2.058ns
    Source Clock Delay      (SCD):    1.540ns
    Clock Pessimism Removal (CPR):    0.502ns

    Location             Delay type                Incr(ns)  Path(ns)    Netlist Resource(s)
  -------------------------------------------------------------------    -------------------
                         (clock sys_clk rise edge)    0.000     0.000 r  
    U18                                               0.000     0.000 r  sys_clk (IN)
                         net (fo=0)                   0.000     0.000    sys_clk
    U18                  IBUF (Prop_ibuf_I_O)         0.297     0.297 r  sys_clk_IBUF_inst/O
                         net (fo=1, routed)           0.627     0.925    sys_clk_IBUF
    BUFGCTRL_X0Y0        BUFG (Prop_bufg_I_O)         0.026     0.951 r  sys_clk_IBUF_BUFG_inst/O
                         net (fo=25, routed)          0.590     1.540    key_debounce_inst/CLK
    SLICE_X42Y55         FDPE                                         r  key_debounce_inst/key_d0_reg/C
  -------------------------------------------------------------------    -------------------
    SLICE_X42Y55         FDPE (Prop_fdpe_C_Q)         0.164     1.704 r  key_debounce_inst/key_d0_reg/Q
                         net (fo=9, routed)           0.215     1.919    key_debounce_inst/key_d0
    SLICE_X41Y55         LUT4 (Prop_lut4_I3_O)        0.046     1.965 r  key_debounce_inst/cnt[19]_i_1/O
                         net (fo=1, routed)           0.000     1.965    key_debounce_inst/p_0_in[19]
    SLICE_X41Y55         FDCE                                         r  key_debounce_inst/cnt_reg[19]/D
  -------------------------------------------------------------------    -------------------

                         (clock sys_clk rise edge)    0.000     0.000 r  
    U18                                               0.000     0.000 r  sys_clk (IN)
                         net (fo=0)                   0.000     0.000    sys_clk
    U18                  IBUF (Prop_ibuf_I_O)         0.486     0.486 r  sys_clk_IBUF_inst/O
                         net (fo=1, routed)           0.683     1.169    sys_clk_IBUF
    BUFGCTRL_X0Y0        BUFG (Prop_bufg_I_O)         0.029     1.198 r  sys_clk_IBUF_BUFG_inst/O
                         net (fo=25, routed)          0.860     2.058    key_debounce_inst/CLK
    SLICE_X41Y55         FDCE                                         r  key_debounce_inst/cnt_reg[19]/C
                         clock pessimism             -0.502     1.556    
    SLICE_X41Y55         FDCE (Hold_fdce_C_D)         0.107     1.663    key_debounce_inst/cnt_reg[19]
  -------------------------------------------------------------------
                         required time                         -1.663    
                         arrival time                           1.965    
  -------------------------------------------------------------------
                         slack                                  0.302    

Slack (MET) :             0.302ns  (arrival time - required time)
  Source:                 key_debounce_inst/key_d0_reg/C
                            (rising edge-triggered cell FDPE clocked by sys_clk  {rise@0.000ns fall@10.000ns period=20.000ns})
  Destination:            key_debounce_inst/cnt_reg[9]/D
                            (rising edge-triggered cell FDCE clocked by sys_clk  {rise@0.000ns fall@10.000ns period=20.000ns})
  Path Group:             sys_clk
  Path Type:              Hold (Min at Fast Process Corner)
  Requirement:            0.000ns  (sys_clk rise@0.000ns - sys_clk rise@0.000ns)
  Data Path Delay:        0.449ns  (logic 0.210ns (46.720%)  route 0.239ns (53.280%))
  Logic Levels:           1  (LUT4=1)
  Clock Path Skew:        0.016ns (DCD - SCD - CPR)
    Destination Clock Delay (DCD):    2.058ns
    Source Clock Delay      (SCD):    1.540ns
    Clock Pessimism Removal (CPR):    0.502ns

    Location             Delay type                Incr(ns)  Path(ns)    Netlist Resource(s)
  -------------------------------------------------------------------    -------------------
                         (clock sys_clk rise edge)    0.000     0.000 r  
    U18                                               0.000     0.000 r  sys_clk (IN)
                         net (fo=0)                   0.000     0.000    sys_clk
    U18                  IBUF (Prop_ibuf_I_O)         0.297     0.297 r  sys_clk_IBUF_inst/O
                         net (fo=1, routed)           0.627     0.925    sys_clk_IBUF
    BUFGCTRL_X0Y0        BUFG (Prop_bufg_I_O)         0.026     0.951 r  sys_clk_IBUF_BUFG_inst/O
                         net (fo=25, routed)          0.590     1.540    key_debounce_inst/CLK
    SLICE_X42Y55         FDPE                                         r  key_debounce_inst/key_d0_reg/C
  -------------------------------------------------------------------    -------------------
    SLICE_X42Y55         FDPE (Prop_fdpe_C_Q)         0.164     1.704 r  key_debounce_inst/key_d0_reg/Q
                         net (fo=9, routed)           0.239     1.944    key_debounce_inst/key_d0
    SLICE_X42Y54         LUT4 (Prop_lut4_I3_O)        0.046     1.990 r  key_debounce_inst/cnt[9]_i_1/O
                         net (fo=1, routed)           0.000     1.990    key_debounce_inst/p_0_in[9]
    SLICE_X42Y54         FDCE                                         r  key_debounce_inst/cnt_reg[9]/D
  -------------------------------------------------------------------    -------------------

                         (clock sys_clk rise edge)    0.000     0.000 r  
    U18                                               0.000     0.000 r  sys_clk (IN)
                         net (fo=0)                   0.000     0.000    sys_clk
    U18                  IBUF (Prop_ibuf_I_O)         0.486     0.486 r  sys_clk_IBUF_inst/O
                         net (fo=1, routed)           0.683     1.169    sys_clk_IBUF
    BUFGCTRL_X0Y0        BUFG (Prop_bufg_I_O)         0.029     1.198 r  sys_clk_IBUF_BUFG_inst/O
                         net (fo=25, routed)          0.860     2.058    key_debounce_inst/CLK
    SLICE_X42Y54         FDCE                                         r  key_debounce_inst/cnt_reg[9]/C
                         clock pessimism             -0.502     1.556    
    SLICE_X42Y54         FDCE (Hold_fdce_C_D)         0.131     1.687    key_debounce_inst/cnt_reg[9]
  -------------------------------------------------------------------
                         required time                         -1.687    
                         arrival time                           1.990    
  -------------------------------------------------------------------
                         slack                                  0.302    

Slack (MET) :             0.303ns  (arrival time - required time)
  Source:                 key_debounce_inst/key_filter_reg/C
                            (rising edge-triggered cell FDPE clocked by sys_clk  {rise@0.000ns fall@10.000ns period=20.000ns})
  Destination:            key_beep_inst/key_filter_d0_reg/D
                            (rising edge-triggered cell FDPE clocked by sys_clk  {rise@0.000ns fall@10.000ns period=20.000ns})
  Path Group:             sys_clk
  Path Type:              Hold (Min at Fast Process Corner)
  Requirement:            0.000ns  (sys_clk rise@0.000ns - sys_clk rise@0.000ns)
  Data Path Delay:        0.363ns  (logic 0.164ns (45.224%)  route 0.199ns (54.776%))
  Logic Levels:           0  
  Clock Path Skew:        0.000ns (DCD - SCD - CPR)
    Destination Clock Delay (DCD):    2.058ns
    Source Clock Delay      (SCD):    1.540ns
    Clock Pessimism Removal (CPR):    0.518ns

    Location             Delay type                Incr(ns)  Path(ns)    Netlist Resource(s)
  -------------------------------------------------------------------    -------------------
                         (clock sys_clk rise edge)    0.000     0.000 r  
    U18                                               0.000     0.000 r  sys_clk (IN)
                         net (fo=0)                   0.000     0.000    sys_clk
    U18                  IBUF (Prop_ibuf_I_O)         0.297     0.297 r  sys_clk_IBUF_inst/O
                         net (fo=1, routed)           0.627     0.925    sys_clk_IBUF
    BUFGCTRL_X0Y0        BUFG (Prop_bufg_I_O)         0.026     0.951 r  sys_clk_IBUF_BUFG_inst/O
                         net (fo=25, routed)          0.590     1.540    key_debounce_inst/CLK
    SLICE_X42Y53         FDPE                                         r  key_debounce_inst/key_filter_reg/C
  -------------------------------------------------------------------    -------------------
    SLICE_X42Y53         FDPE (Prop_fdpe_C_Q)         0.164     1.704 r  key_debounce_inst/key_filter_reg/Q
                         net (fo=3, routed)           0.199     1.903    key_beep_inst/key_filter
    SLICE_X42Y53         FDPE                                         r  key_beep_inst/key_filter_d0_reg/D
  -------------------------------------------------------------------    -------------------

                         (clock sys_clk rise edge)    0.000     0.000 r  
    U18                                               0.000     0.000 r  sys_clk (IN)
                         net (fo=0)                   0.000     0.000    sys_clk
    U18                  IBUF (Prop_ibuf_I_O)         0.486     0.486 r  sys_clk_IBUF_inst/O
                         net (fo=1, routed)           0.683     1.169    sys_clk_IBUF
    BUFGCTRL_X0Y0        BUFG (Prop_bufg_I_O)         0.029     1.198 r  sys_clk_IBUF_BUFG_inst/O
                         net (fo=25, routed)          0.860     2.058    key_beep_inst/CLK
    SLICE_X42Y53         FDPE                                         r  key_beep_inst/key_filter_d0_reg/C
                         clock pessimism             -0.518     1.540    
    SLICE_X42Y53         FDPE (Hold_fdpe_C_D)         0.060     1.600    key_beep_inst/key_filter_d0_reg
  -------------------------------------------------------------------
                         required time                         -1.600    
                         arrival time                           1.903    
  -------------------------------------------------------------------
                         slack                                  0.303    

Slack (MET) :             0.312ns  (arrival time - required time)
  Source:                 key_debounce_inst/key_d0_reg/C
                            (rising edge-triggered cell FDPE clocked by sys_clk  {rise@0.000ns fall@10.000ns period=20.000ns})
  Destination:            key_debounce_inst/cnt_reg[16]/D
                            (rising edge-triggered cell FDCE clocked by sys_clk  {rise@0.000ns fall@10.000ns period=20.000ns})
  Path Group:             sys_clk
  Path Type:              Hold (Min at Fast Process Corner)
  Requirement:            0.000ns  (sys_clk rise@0.000ns - sys_clk rise@0.000ns)
  Data Path Delay:        0.448ns  (logic 0.209ns (46.601%)  route 0.239ns (53.399%))
  Logic Levels:           1  (LUT4=1)
  Clock Path Skew:        0.016ns (DCD - SCD - CPR)
    Destination Clock Delay (DCD):    2.058ns
    Source Clock Delay      (SCD):    1.540ns
    Clock Pessimism Removal (CPR):    0.502ns

    Location             Delay type                Incr(ns)  Path(ns)    Netlist Resource(s)
  -------------------------------------------------------------------    -------------------
                         (clock sys_clk rise edge)    0.000     0.000 r  
    U18                                               0.000     0.000 r  sys_clk (IN)
                         net (fo=0)                   0.000     0.000    sys_clk
    U18                  IBUF (Prop_ibuf_I_O)         0.297     0.297 r  sys_clk_IBUF_inst/O
                         net (fo=1, routed)           0.627     0.925    sys_clk_IBUF
    BUFGCTRL_X0Y0        BUFG (Prop_bufg_I_O)         0.026     0.951 r  sys_clk_IBUF_BUFG_inst/O
                         net (fo=25, routed)          0.590     1.540    key_debounce_inst/CLK
    SLICE_X42Y55         FDPE                                         r  key_debounce_inst/key_d0_reg/C
  -------------------------------------------------------------------    -------------------
    SLICE_X42Y55         FDPE (Prop_fdpe_C_Q)         0.164     1.704 r  key_debounce_inst/key_d0_reg/Q
                         net (fo=9, routed)           0.239     1.944    key_debounce_inst/key_d0
    SLICE_X42Y54         LUT4 (Prop_lut4_I3_O)        0.045     1.989 r  key_debounce_inst/cnt[16]_i_1/O
                         net (fo=1, routed)           0.000     1.989    key_debounce_inst/p_0_in[16]
    SLICE_X42Y54         FDCE                                         r  key_debounce_inst/cnt_reg[16]/D
  -------------------------------------------------------------------    -------------------

                         (clock sys_clk rise edge)    0.000     0.000 r  
    U18                                               0.000     0.000 r  sys_clk (IN)
                         net (fo=0)                   0.000     0.000    sys_clk
    U18                  IBUF (Prop_ibuf_I_O)         0.486     0.486 r  sys_clk_IBUF_inst/O
                         net (fo=1, routed)           0.683     1.169    sys_clk_IBUF
    BUFGCTRL_X0Y0        BUFG (Prop_bufg_I_O)         0.029     1.198 r  sys_clk_IBUF_BUFG_inst/O
                         net (fo=25, routed)          0.860     2.058    key_debounce_inst/CLK
    SLICE_X42Y54         FDCE                                         r  key_debounce_inst/cnt_reg[16]/C
                         clock pessimism             -0.502     1.556    
    SLICE_X42Y54         FDCE (Hold_fdce_C_D)         0.120     1.676    key_debounce_inst/cnt_reg[16]
  -------------------------------------------------------------------
                         required time                         -1.676    
                         arrival time                           1.989    
  -------------------------------------------------------------------
                         slack                                  0.312    

Slack (MET) :             0.317ns  (arrival time - required time)
  Source:                 key_debounce_inst/key_d0_reg/C
                            (rising edge-triggered cell FDPE clocked by sys_clk  {rise@0.000ns fall@10.000ns period=20.000ns})
  Destination:            key_debounce_inst/cnt_reg[18]/D
                            (rising edge-triggered cell FDCE clocked by sys_clk  {rise@0.000ns fall@10.000ns period=20.000ns})
  Path Group:             sys_clk
  Path Type:              Hold (Min at Fast Process Corner)
  Requirement:            0.000ns  (sys_clk rise@0.000ns - sys_clk rise@0.000ns)
  Data Path Delay:        0.424ns  (logic 0.209ns (49.338%)  route 0.215ns (50.662%))
  Logic Levels:           1  (LUT4=1)
  Clock Path Skew:        0.016ns (DCD - SCD - CPR)
    Destination Clock Delay (DCD):    2.058ns
    Source Clock Delay      (SCD):    1.540ns
    Clock Pessimism Removal (CPR):    0.502ns

    Location             Delay type                Incr(ns)  Path(ns)    Netlist Resource(s)
  -------------------------------------------------------------------    -------------------
                         (clock sys_clk rise edge)    0.000     0.000 r  
    U18                                               0.000     0.000 r  sys_clk (IN)
                         net (fo=0)                   0.000     0.000    sys_clk
    U18                  IBUF (Prop_ibuf_I_O)         0.297     0.297 r  sys_clk_IBUF_inst/O
                         net (fo=1, routed)           0.627     0.925    sys_clk_IBUF
    BUFGCTRL_X0Y0        BUFG (Prop_bufg_I_O)         0.026     0.951 r  sys_clk_IBUF_BUFG_inst/O
                         net (fo=25, routed)          0.590     1.540    key_debounce_inst/CLK
    SLICE_X42Y55         FDPE                                         r  key_debounce_inst/key_d0_reg/C
  -------------------------------------------------------------------    -------------------
    SLICE_X42Y55         FDPE (Prop_fdpe_C_Q)         0.164     1.704 r  key_debounce_inst/key_d0_reg/Q
                         net (fo=9, routed)           0.215     1.919    key_debounce_inst/key_d0
    SLICE_X41Y55         LUT4 (Prop_lut4_I3_O)        0.045     1.964 r  key_debounce_inst/cnt[18]_i_1/O
                         net (fo=1, routed)           0.000     1.964    key_debounce_inst/p_0_in[18]
    SLICE_X41Y55         FDCE                                         r  key_debounce_inst/cnt_reg[18]/D
  -------------------------------------------------------------------    -------------------

                         (clock sys_clk rise edge)    0.000     0.000 r  
    U18                                               0.000     0.000 r  sys_clk (IN)
                         net (fo=0)                   0.000     0.000    sys_clk
    U18                  IBUF (Prop_ibuf_I_O)         0.486     0.486 r  sys_clk_IBUF_inst/O
                         net (fo=1, routed)           0.683     1.169    sys_clk_IBUF
    BUFGCTRL_X0Y0        BUFG (Prop_bufg_I_O)         0.029     1.198 r  sys_clk_IBUF_BUFG_inst/O
                         net (fo=25, routed)          0.860     2.058    key_debounce_inst/CLK
    SLICE_X41Y55         FDCE                                         r  key_debounce_inst/cnt_reg[18]/C
                         clock pessimism             -0.502     1.556    
    SLICE_X41Y55         FDCE (Hold_fdce_C_D)         0.091     1.647    key_debounce_inst/cnt_reg[18]
  -------------------------------------------------------------------
                         required time                         -1.647    
                         arrival time                           1.964    
  -------------------------------------------------------------------
                         slack                                  0.317    

Slack (MET) :             0.331ns  (arrival time - required time)
  Source:                 key_debounce_inst/key_filter_reg/C
                            (rising edge-triggered cell FDPE clocked by sys_clk  {rise@0.000ns fall@10.000ns period=20.000ns})
  Destination:            key_debounce_inst/key_filter_reg/D
                            (rising edge-triggered cell FDPE clocked by sys_clk  {rise@0.000ns fall@10.000ns period=20.000ns})
  Path Group:             sys_clk
  Path Type:              Hold (Min at Fast Process Corner)
  Requirement:            0.000ns  (sys_clk rise@0.000ns - sys_clk rise@0.000ns)
  Data Path Delay:        0.452ns  (logic 0.209ns (46.228%)  route 0.243ns (53.772%))
  Logic Levels:           1  (LUT4=1)
  Clock Path Skew:        0.000ns (DCD - SCD - CPR)
    Destination Clock Delay (DCD):    2.058ns
    Source Clock Delay      (SCD):    1.540ns
    Clock Pessimism Removal (CPR):    0.518ns

    Location             Delay type                Incr(ns)  Path(ns)    Netlist Resource(s)
  -------------------------------------------------------------------    -------------------
                         (clock sys_clk rise edge)    0.000     0.000 r  
    U18                                               0.000     0.000 r  sys_clk (IN)
                         net (fo=0)                   0.000     0.000    sys_clk
    U18                  IBUF (Prop_ibuf_I_O)         0.297     0.297 r  sys_clk_IBUF_inst/O
                         net (fo=1, routed)           0.627     0.925    sys_clk_IBUF
    BUFGCTRL_X0Y0        BUFG (Prop_bufg_I_O)         0.026     0.951 r  sys_clk_IBUF_BUFG_inst/O
                         net (fo=25, routed)          0.590     1.540    key_debounce_inst/CLK
    SLICE_X42Y53         FDPE                                         r  key_debounce_inst/key_filter_reg/C
  -------------------------------------------------------------------    -------------------
    SLICE_X42Y53         FDPE (Prop_fdpe_C_Q)         0.164     1.704 r  key_debounce_inst/key_filter_reg/Q
                         net (fo=3, routed)           0.243     1.947    key_debounce_inst/key_filter
    SLICE_X42Y53         LUT4 (Prop_lut4_I3_O)        0.045     1.992 r  key_debounce_inst/key_filter_i_1/O
                         net (fo=1, routed)           0.000     1.992    key_debounce_inst/key_filter_i_1_n_0
    SLICE_X42Y53         FDPE                                         r  key_debounce_inst/key_filter_reg/D
  -------------------------------------------------------------------    -------------------

                         (clock sys_clk rise edge)    0.000     0.000 r  
    U18                                               0.000     0.000 r  sys_clk (IN)
                         net (fo=0)                   0.000     0.000    sys_clk
    U18                  IBUF (Prop_ibuf_I_O)         0.486     0.486 r  sys_clk_IBUF_inst/O
                         net (fo=1, routed)           0.683     1.169    sys_clk_IBUF
    BUFGCTRL_X0Y0        BUFG (Prop_bufg_I_O)         0.029     1.198 r  sys_clk_IBUF_BUFG_inst/O
                         net (fo=25, routed)          0.860     2.058    key_debounce_inst/CLK
    SLICE_X42Y53         FDPE                                         r  key_debounce_inst/key_filter_reg/C
                         clock pessimism             -0.518     1.540    
    SLICE_X42Y53         FDPE (Hold_fdpe_C_D)         0.121     1.661    key_debounce_inst/key_filter_reg
  -------------------------------------------------------------------
                         required time                         -1.661    
                         arrival time                           1.992    
  -------------------------------------------------------------------
                         slack                                  0.331    





Pulse Width Checks
--------------------------------------------------------------------------------------
Clock Name:         sys_clk
Waveform(ns):       { 0.000 10.000 }
Period(ns):         20.000
Sources:            { sys_clk }

Check Type        Corner  Lib Pin  Reference Pin  Required(ns)  Actual(ns)  Slack(ns)  Location       Pin
Min Period        n/a     BUFG/I   n/a            2.155         20.000      17.845     BUFGCTRL_X0Y0  sys_clk_IBUF_BUFG_inst/I
Min Period        n/a     FDPE/C   n/a            1.000         20.000      19.000     SLICE_X42Y53   key_beep_inst/beep_reg/C
Min Period        n/a     FDPE/C   n/a            1.000         20.000      19.000     SLICE_X42Y53   key_beep_inst/key_filter_d0_reg/C
Min Period        n/a     FDCE/C   n/a            1.000         20.000      19.000     SLICE_X41Y53   key_debounce_inst/cnt_reg[0]/C
Min Period        n/a     FDCE/C   n/a            1.000         20.000      19.000     SLICE_X41Y53   key_debounce_inst/cnt_reg[10]/C
Min Period        n/a     FDCE/C   n/a            1.000         20.000      19.000     SLICE_X41Y53   key_debounce_inst/cnt_reg[11]/C
Min Period        n/a     FDCE/C   n/a            1.000         20.000      19.000     SLICE_X41Y53   key_debounce_inst/cnt_reg[12]/C
Min Period        n/a     FDCE/C   n/a            1.000         20.000      19.000     SLICE_X41Y54   key_debounce_inst/cnt_reg[13]/C
Min Period        n/a     FDCE/C   n/a            1.000         20.000      19.000     SLICE_X42Y55   key_debounce_inst/cnt_reg[14]/C
Min Period        n/a     FDCE/C   n/a            1.000         20.000      19.000     SLICE_X41Y54   key_debounce_inst/cnt_reg[15]/C
Low Pulse Width   Fast    FDPE/C   n/a            0.500         10.000      9.500      SLICE_X42Y53   key_beep_inst/beep_reg/C
Low Pulse Width   Fast    FDPE/C   n/a            0.500         10.000      9.500      SLICE_X42Y53   key_beep_inst/key_filter_d0_reg/C
Low Pulse Width   Fast    FDCE/C   n/a            0.500         10.000      9.500      SLICE_X41Y53   key_debounce_inst/cnt_reg[0]/C
Low Pulse Width   Fast    FDCE/C   n/a            0.500         10.000      9.500      SLICE_X41Y53   key_debounce_inst/cnt_reg[10]/C
Low Pulse Width   Fast    FDCE/C   n/a            0.500         10.000      9.500      SLICE_X41Y53   key_debounce_inst/cnt_reg[11]/C
Low Pulse Width   Fast    FDCE/C   n/a            0.500         10.000      9.500      SLICE_X41Y53   key_debounce_inst/cnt_reg[12]/C
Low Pulse Width   Fast    FDCE/C   n/a            0.500         10.000      9.500      SLICE_X41Y54   key_debounce_inst/cnt_reg[13]/C
Low Pulse Width   Fast    FDCE/C   n/a            0.500         10.000      9.500      SLICE_X42Y55   key_debounce_inst/cnt_reg[14]/C
Low Pulse Width   Fast    FDCE/C   n/a            0.500         10.000      9.500      SLICE_X41Y54   key_debounce_inst/cnt_reg[15]/C
Low Pulse Width   Fast    FDCE/C   n/a            0.500         10.000      9.500      SLICE_X42Y54   key_debounce_inst/cnt_reg[16]/C
High Pulse Width  Slow    FDPE/C   n/a            0.500         10.000      9.500      SLICE_X42Y53   key_beep_inst/beep_reg/C
High Pulse Width  Fast    FDPE/C   n/a            0.500         10.000      9.500      SLICE_X42Y53   key_beep_inst/beep_reg/C
High Pulse Width  Slow    FDPE/C   n/a            0.500         10.000      9.500      SLICE_X42Y53   key_beep_inst/key_filter_d0_reg/C
High Pulse Width  Fast    FDPE/C   n/a            0.500         10.000      9.500      SLICE_X42Y53   key_beep_inst/key_filter_d0_reg/C
High Pulse Width  Slow    FDCE/C   n/a            0.500         10.000      9.500      SLICE_X41Y53   key_debounce_inst/cnt_reg[0]/C
High Pulse Width  Fast    FDCE/C   n/a            0.500         10.000      9.500      SLICE_X41Y53   key_debounce_inst/cnt_reg[0]/C
High Pulse Width  Slow    FDCE/C   n/a            0.500         10.000      9.500      SLICE_X41Y53   key_debounce_inst/cnt_reg[10]/C
High Pulse Width  Fast    FDCE/C   n/a            0.500         10.000      9.500      SLICE_X41Y53   key_debounce_inst/cnt_reg[10]/C
High Pulse Width  Slow    FDCE/C   n/a            0.500         10.000      9.500      SLICE_X41Y53   key_debounce_inst/cnt_reg[11]/C
High Pulse Width  Fast    FDCE/C   n/a            0.500         10.000      9.500      SLICE_X41Y53   key_debounce_inst/cnt_reg[11]/C



